2025-05-22 20:13:09,694 [INFO] Activator:176 - 


2025-05-22 20:13:09,699 [INFO] Activator:177 - !SESSION log4j initialized
2025-05-22 20:13:15,293 [INFO] LogOutputStream:77 - [STDOUT_REDIRECT] 
2025-05-22 20:13:16,539 [INFO] ApplicationProperties:184 - Using Application install path: C:\ST\STM32CubeIDE_1.18.0\STM32CubeIDE\plugins\com.st.stm32cube.common.mx_6.14.0.202502271554
2025-05-22 20:13:16,557 [INFO] DbMcusXml:78 - Set database path to: C:\ST\STM32CubeIDE_1.18.0\STM32CubeIDE\plugins\com.st.stm32cube.common.mx_6.14.0.202502271554\\db\/mcu/
2025-05-22 20:13:16,557 [INFO] ApiDb:274 - Set plugin database path to: C:\ST\STM32CubeIDE_1.18.0\STM32CubeIDE\plugins\com.st.stm32cube.common.mx_6.14.0.202502271554\\db\/plugins/boardmanager/
2025-05-22 20:13:16,558 [WARN] ApiDb:259 - Overriding images path with different value:  => C:\ST\STM32CubeIDE_1.18.0\STM32CubeIDE\plugins\com.st.stm32cube.common.mx_6.14.0.202502271554\\db\/plugins/mcufinder/images/
2025-05-22 20:13:16,563 [INFO] ApiDb:250 - Set database path to: C:\Users\bhask\.stmcufinder\plugins\mcufinder//mcu/
2025-05-22 20:13:16,564 [INFO] DbMcusAds:125 - Set database path to: C:\Users\bhask\.stmcufinder\plugins\mcufinder//mcu/
2025-05-22 20:13:16,567 [INFO] CrossReferenceDbSqlite:203 - Set database path to: C:\Users\bhask\.stmcufinder\plugins\mcufinder//mcu/cs/
2025-05-22 20:13:16,677 [INFO] RulesReader:64 - Compatibility file has been processed (301 Rules)
2025-05-22 20:13:16,745 [INFO] DbMcusXml:78 - Set database path to: C:\ST\STM32CubeIDE_1.18.0\STM32CubeIDE\plugins\com.st.stm32cube.common.mx_6.14.0.202502271554\\db\/mcu/
2025-05-22 20:13:16,745 [INFO] ApiDb:274 - Set plugin database path to: C:\ST\STM32CubeIDE_1.18.0\STM32CubeIDE\plugins\com.st.stm32cube.common.mx_6.14.0.202502271554\\db\/plugins/boardmanager/
2025-05-22 20:13:16,745 [INFO] ApiDb:261 - Set plugin images path to: C:\ST\STM32CubeIDE_1.18.0\STM32CubeIDE\plugins\com.st.stm32cube.common.mx_6.14.0.202502271554\\db\/plugins/mcufinder/images/
2025-05-22 20:13:16,745 [WARN] DbFile:41 - Overriding database path with different value: C:\Users\bhask\.stmcufinder\plugins\mcufinder/ => C:\Users\bhask\.stmcufinder\plugins\mcufinder
2025-05-22 20:13:16,746 [INFO] ApiDb:250 - Set database path to: C:\Users\bhask\.stmcufinder\plugins\mcufinder//mcu/
2025-05-22 20:13:16,746 [WARN] DbFile:41 - Overriding database path with different value: C:\Users\bhask\.stmcufinder\plugins\mcufinder/ => C:\Users\bhask\.stmcufinder\plugins\mcufinder
2025-05-22 20:13:16,746 [INFO] DbMcusAds:125 - Set database path to: C:\Users\bhask\.stmcufinder\plugins\mcufinder//mcu/
2025-05-22 20:13:16,746 [WARN] DbFile:41 - Overriding database path with different value: C:\Users\bhask\.stmcufinder\plugins\mcufinder/ => C:\Users\bhask\.stmcufinder\plugins\mcufinder
2025-05-22 20:13:16,746 [WARN] DbFile:41 - Overriding database path with different value: C:\Users\bhask\.stmcufinder\plugins\mcufinder/ => C:\Users\bhask\.stmcufinder\plugins\mcufinder
2025-05-22 20:13:16,746 [INFO] CrossReferenceDbSqlite:203 - Set database path to: C:\Users\bhask\.stmcufinder\plugins\mcufinder//mcu/cs/
2025-05-22 20:13:16,808 [INFO] MainPanel:272 - HeapMemory: 271581184
2025-05-22 20:13:16,899 [INFO] DbMcusXml:78 - Set database path to: C:\ST\STM32CubeIDE_1.18.0\STM32CubeIDE\plugins\com.st.stm32cube.common.mx_6.14.0.202502271554\\db\/mcu/
2025-05-22 20:13:16,899 [INFO] ApiDb:274 - Set plugin database path to: C:\ST\STM32CubeIDE_1.18.0\STM32CubeIDE\plugins\com.st.stm32cube.common.mx_6.14.0.202502271554\\db\/plugins/boardmanager/
2025-05-22 20:13:16,899 [INFO] ApiDb:261 - Set plugin images path to: C:\ST\STM32CubeIDE_1.18.0\STM32CubeIDE\plugins\com.st.stm32cube.common.mx_6.14.0.202502271554\\db\/plugins/mcufinder/images/
2025-05-22 20:13:16,899 [WARN] DbFile:41 - Overriding database path with different value: C:\Users\bhask\.stmcufinder\plugins\mcufinder/ => C:\Users\bhask\.stmcufinder\plugins\mcufinder
2025-05-22 20:13:16,899 [INFO] ApiDb:250 - Set database path to: C:\Users\bhask\.stmcufinder\plugins\mcufinder//mcu/
2025-05-22 20:13:16,899 [WARN] DbFile:41 - Overriding database path with different value: C:\Users\bhask\.stmcufinder\plugins\mcufinder/ => C:\Users\bhask\.stmcufinder\plugins\mcufinder
2025-05-22 20:13:16,899 [INFO] DbMcusAds:125 - Set database path to: C:\Users\bhask\.stmcufinder\plugins\mcufinder//mcu/
2025-05-22 20:13:16,899 [WARN] DbFile:41 - Overriding database path with different value: C:\Users\bhask\.stmcufinder\plugins\mcufinder/ => C:\Users\bhask\.stmcufinder\plugins\mcufinder
2025-05-22 20:13:16,899 [WARN] DbFile:41 - Overriding database path with different value: C:\Users\bhask\.stmcufinder\plugins\mcufinder/ => C:\Users\bhask\.stmcufinder\plugins\mcufinder
2025-05-22 20:13:16,899 [INFO] CrossReferenceDbSqlite:203 - Set database path to: C:\Users\bhask\.stmcufinder\plugins\mcufinder//mcu/cs/
2025-05-22 20:13:16,913 [INFO] ApplicationProperties:184 - Using Application install path: C:\ST\STM32CubeIDE_1.18.0\STM32CubeIDE\plugins\com.st.stm32cube.common.mx_6.14.0.202502271554
2025-05-22 20:13:16,914 [INFO] PluginManage:196 - Search for loadable plugins [exclusion list=, ]
2025-05-22 20:13:16,915 [INFO] PluginManage:310 - Check plugin analytics
2025-05-22 20:13:17,105 [INFO] AnalyticsPlugin:253 - Accepted Software Licenses: 
2025-05-22 20:13:17,105 [INFO] AnalyticsPlugin:255 - Accepted CMSIS Pack Licenses: 
2025-05-22 20:13:17,106 [INFO] AnalyticsPlugin:257 - Accepted Firmware Licenses: FW.F4.1.28.0
2025-05-22 20:13:17,108 [INFO] PluginManage:359 - Loaded plugin analytics (category:tool,tabindex:-1)
2025-05-22 20:13:17,108 [INFO] PluginManage:310 - Check plugin cadmodel
2025-05-22 20:13:17,115 [INFO] CADModel:105 - Init CAD model plugin
2025-05-22 20:13:17,115 [INFO] PluginManage:359 - Loaded plugin cadmodel (category:power,tabindex:5)
2025-05-22 20:13:17,115 [INFO] PluginManage:310 - Check plugin clock
2025-05-22 20:13:17,124 [INFO] PluginManage:359 - Loaded plugin clock (category:base,tabindex:2)
2025-05-22 20:13:17,124 [INFO] PluginManage:310 - Check plugin ddr
2025-05-22 20:13:17,128 [INFO] PluginManage:359 - Loaded plugin ddr (category:tool,tabindex:6)
2025-05-22 20:13:17,128 [INFO] PluginManage:310 - Check plugin filemanager
2025-05-22 20:13:17,277 [INFO] PluginManage:359 - Loaded plugin filemanager (category:base,tabindex:10)
2025-05-22 20:13:17,277 [INFO] PluginManage:310 - Check plugin ipmanager
2025-05-22 20:13:17,282 [INFO] PluginManage:359 - Loaded plugin ipmanager (category:base,tabindex:5)
2025-05-22 20:13:17,282 [INFO] PluginManage:310 - Check plugin lpbam
2025-05-22 20:13:17,289 [INFO] PluginManage:359 - Loaded plugin lpbam (category:base,tabindex:0)
2025-05-22 20:13:17,289 [INFO] PluginManage:310 - Check plugin memorymap
2025-05-22 20:13:17,302 [INFO] PluginManage:359 - Loaded plugin memorymap (category:base,tabindex:4)
2025-05-22 20:13:17,303 [INFO] PluginManage:310 - Check plugin pinoutandconfiguration
2025-05-22 20:13:17,310 [INFO] PluginManage:359 - Loaded plugin pinoutandconfiguration (category:base,tabindex:1)
2025-05-22 20:13:17,310 [INFO] PluginManage:310 - Check plugin pinoutconfig
2025-05-22 20:13:17,401 [WARN] SupportedApi:132 - Cannot load RTOS API schema: s4s-elt-must-match.1: The content of 'definitions' must match (annotation?, (simpleType | complexType)?, (unique | key | keyref)*)). A problem was found starting at: attribute.
2025-05-22 20:13:17,529 [INFO] PluginManage:359 - Loaded plugin pinoutconfig (category:base,tabindex:0)
2025-05-22 20:13:17,530 [INFO] PluginManage:310 - Check plugin power
2025-05-22 20:13:17,538 [INFO] PluginManage:359 - Loaded plugin power (category:power,tabindex:4)
2025-05-22 20:13:17,539 [INFO] PluginManage:310 - Check plugin projectmanager
2025-05-22 20:13:17,552 [INFO] PluginManage:359 - Loaded plugin projectmanager (category:projectmanager,tabindex:4)
2025-05-22 20:13:17,552 [INFO] PluginManage:310 - Check plugin rif
2025-05-22 20:13:17,563 [INFO] PluginManage:359 - Loaded plugin rif (category:base,tabindex:3)
2025-05-22 20:13:17,563 [INFO] PluginManage:310 - Check plugin thirdparty
2025-05-22 20:13:17,693 [WARN] IntegrityCheckThread:84 - waiting for thirdparty lock release [integrity check]
2025-05-22 20:13:17,693 [INFO] IntegrityCheckThread:86 - entering critical section [integrity check]
2025-05-22 20:13:17,693 [INFO] PluginManage:359 - Loaded plugin thirdparty (category:base,tabindex:-1)
2025-05-22 20:13:17,693 [INFO] PluginManage:310 - Check plugin tools
2025-05-22 20:13:17,693 [INFO] ThirdPartyUpdaterWithRetryManager:70 - Updater plugin not ready yet. [1/15]
2025-05-22 20:13:17,695 [INFO] PluginManage:359 - Loaded plugin tools (category:base,tabindex:7)
2025-05-22 20:13:17,695 [INFO] PluginManage:310 - Check plugin tutovideos
2025-05-22 20:13:17,850 [INFO] PluginManage:359 - Loaded plugin tutovideos (category:base,tabindex:-1)
2025-05-22 20:13:17,850 [INFO] PluginManage:310 - Check plugin updater
2025-05-22 20:13:17,874 [INFO] PluginManage:359 - Loaded plugin updater (category:base,tabindex:12)
2025-05-22 20:13:17,874 [INFO] PluginManage:310 - Check plugin userauth
2025-05-22 20:13:17,878 [INFO] UserAuth:118 - Init User Auth plugin
2025-05-22 20:13:17,880 [INFO] PluginManage:359 - Loaded plugin userauth (category:base,tabindex:14)
2025-05-22 20:13:17,880 [INFO] PluginManage:283 - PluginManage : Loaded plugins [18]
2025-05-22 20:13:18,094 [INFO] PinOutPanel:1589 - setPackage(No Configuration,No Configuration)
2025-05-22 20:13:18,165 [INFO] CADModel:165 - CPN selected for project level
2025-05-22 20:13:18,165 [INFO] CADModel:114 - Register for checkConnection events
2025-05-22 20:13:18,180 [INFO] IPUIPlugin:80 - create IPUIPlugin
2025-05-22 20:13:18,180 [INFO] PluginManager:220 - loadIPPluginJar : add adc
2025-05-22 20:13:18,182 [INFO] IPUIPlugin:80 - create IPUIPlugin
2025-05-22 20:13:18,182 [INFO] PluginManager:220 - loadIPPluginJar : add aes
2025-05-22 20:13:18,184 [INFO] IPUIPlugin:80 - create IPUIPlugin
2025-05-22 20:13:18,184 [INFO] PluginManager:220 - loadIPPluginJar : add can
2025-05-22 20:13:18,185 [INFO] IPUIPlugin:80 - create IPUIPlugin
2025-05-22 20:13:18,185 [INFO] PluginManager:220 - loadIPPluginJar : add comp
2025-05-22 20:13:18,187 [INFO] IPUIPlugin:80 - create IPUIPlugin
2025-05-22 20:13:18,187 [INFO] PluginManager:220 - loadIPPluginJar : add cryp
2025-05-22 20:13:18,191 [INFO] IPUIPlugin:80 - create IPUIPlugin
2025-05-22 20:13:18,191 [INFO] PluginManager:220 - loadIPPluginJar : add ddr_ctrl_phy
2025-05-22 20:13:18,193 [INFO] IPUIPlugin:80 - create IPUIPlugin
2025-05-22 20:13:18,193 [INFO] PluginManager:220 - loadIPPluginJar : add dfsdm
2025-05-22 20:13:18,197 [INFO] IPUIPlugin:80 - create IPUIPlugin
2025-05-22 20:13:18,197 [INFO] PluginManager:220 - loadIPPluginJar : add dma
2025-05-22 20:13:18,199 [INFO] IPUIPlugin:80 - create IPUIPlugin
2025-05-22 20:13:18,199 [INFO] PluginManager:220 - loadIPPluginJar : add dma3
2025-05-22 20:13:18,201 [INFO] IPUIPlugin:80 - create IPUIPlugin
2025-05-22 20:13:18,202 [INFO] PluginManager:220 - loadIPPluginJar : add extmemmanager
2025-05-22 20:13:18,202 [INFO] IPUIPlugin:80 - create IPUIPlugin
2025-05-22 20:13:18,202 [INFO] PluginManager:220 - loadIPPluginJar : add fatfs
2025-05-22 20:13:18,207 [INFO] IPUIPlugin:80 - create IPUIPlugin
2025-05-22 20:13:18,207 [INFO] PluginManager:220 - loadIPPluginJar : add fmc
2025-05-22 20:13:18,212 [INFO] IPUIPlugin:80 - create IPUIPlugin
2025-05-22 20:13:18,213 [INFO] PluginManager:220 - loadIPPluginJar : add freertos
2025-05-22 20:13:18,214 [INFO] IPUIPlugin:80 - create IPUIPlugin
2025-05-22 20:13:18,214 [INFO] PluginManager:220 - loadIPPluginJar : add genericplugin
2025-05-22 20:13:18,216 [INFO] IPUIPlugin:80 - create IPUIPlugin
2025-05-22 20:13:18,216 [INFO] PluginManager:220 - loadIPPluginJar : add gfxmmu
2025-05-22 20:13:18,219 [INFO] IPUIPlugin:80 - create IPUIPlugin
2025-05-22 20:13:18,219 [INFO] PluginManager:220 - loadIPPluginJar : add gic
2025-05-22 20:13:18,223 [INFO] IPUIPlugin:80 - create IPUIPlugin
2025-05-22 20:13:18,223 [INFO] PluginManager:220 - loadIPPluginJar : add gpio
2025-05-22 20:13:18,225 [INFO] IPUIPlugin:80 - create IPUIPlugin
2025-05-22 20:13:18,225 [INFO] PluginManager:220 - loadIPPluginJar : add gtzc
2025-05-22 20:13:18,227 [INFO] IPUIPlugin:80 - create IPUIPlugin
2025-05-22 20:13:18,227 [INFO] PluginManager:220 - loadIPPluginJar : add hash
2025-05-22 20:13:18,230 [INFO] IPUIPlugin:80 - create IPUIPlugin
2025-05-22 20:13:18,230 [INFO] PluginManager:220 - loadIPPluginJar : add i2c
2025-05-22 20:13:18,231 [INFO] IPUIPlugin:80 - create IPUIPlugin
2025-05-22 20:13:18,231 [INFO] PluginManager:220 - loadIPPluginJar : add i2s
2025-05-22 20:13:18,234 [INFO] IPUIPlugin:80 - create IPUIPlugin
2025-05-22 20:13:18,234 [INFO] PluginManager:220 - loadIPPluginJar : add i3c
2025-05-22 20:13:18,237 [INFO] IPUIPlugin:80 - create IPUIPlugin
2025-05-22 20:13:18,237 [INFO] PluginManager:220 - loadIPPluginJar : add ipddr
2025-05-22 20:13:18,244 [INFO] IPUIPlugin:80 - create IPUIPlugin
2025-05-22 20:13:18,244 [INFO] PluginManager:220 - loadIPPluginJar : add linkedlist
2025-05-22 20:13:18,246 [INFO] IPUIPlugin:80 - create IPUIPlugin
2025-05-22 20:13:18,246 [INFO] PluginManager:220 - loadIPPluginJar : add lorawan
2025-05-22 20:13:18,247 [INFO] IPUIPlugin:80 - create IPUIPlugin
2025-05-22 20:13:18,247 [INFO] PluginManager:220 - loadIPPluginJar : add ltdc
2025-05-22 20:13:18,252 [INFO] IPUIPlugin:80 - create IPUIPlugin
2025-05-22 20:13:18,252 [INFO] PluginManager:220 - loadIPPluginJar : add mdma
2025-05-22 20:13:18,254 [INFO] IPUIPlugin:80 - create IPUIPlugin
2025-05-22 20:13:18,255 [INFO] PluginManager:220 - loadIPPluginJar : add nvic
2025-05-22 20:13:18,258 [INFO] IPUIPlugin:80 - create IPUIPlugin
2025-05-22 20:13:18,258 [INFO] PluginManager:220 - loadIPPluginJar : add opamp
2025-05-22 20:13:18,261 [INFO] IPUIPlugin:80 - create IPUIPlugin
2025-05-22 20:13:18,261 [INFO] PluginManager:220 - loadIPPluginJar : add openamp
2025-05-22 20:13:18,263 [INFO] IPUIPlugin:80 - create IPUIPlugin
2025-05-22 20:13:18,263 [INFO] PluginManager:220 - loadIPPluginJar : add pdm2pcm
2025-05-22 20:13:18,268 [INFO] IPUIPlugin:80 - create IPUIPlugin
2025-05-22 20:13:18,271 [INFO] PluginManager:220 - loadIPPluginJar : add plateformsettings
2025-05-22 20:13:18,273 [INFO] IPUIPlugin:80 - create IPUIPlugin
2025-05-22 20:13:18,273 [INFO] PluginManager:220 - loadIPPluginJar : add quadspi
2025-05-22 20:13:18,275 [INFO] IPUIPlugin:80 - create IPUIPlugin
2025-05-22 20:13:18,275 [INFO] PluginManager:220 - loadIPPluginJar : add radio
2025-05-22 20:13:18,279 [INFO] IPUIPlugin:80 - create IPUIPlugin
2025-05-22 20:13:18,280 [INFO] PluginManager:220 - loadIPPluginJar : add resmgrutility
2025-05-22 20:13:18,283 [INFO] IPUIPlugin:80 - create IPUIPlugin
2025-05-22 20:13:18,284 [INFO] PluginManager:220 - loadIPPluginJar : add sai
2025-05-22 20:13:18,286 [INFO] IPUIPlugin:80 - create IPUIPlugin
2025-05-22 20:13:18,286 [INFO] PluginManager:220 - loadIPPluginJar : add spi
2025-05-22 20:13:18,290 [INFO] IPUIPlugin:80 - create IPUIPlugin
2025-05-22 20:13:18,291 [INFO] PluginManager:220 - loadIPPluginJar : add stm32_wpan
2025-05-22 20:13:18,292 [INFO] IPUIPlugin:80 - create IPUIPlugin
2025-05-22 20:13:18,292 [INFO] PluginManager:220 - loadIPPluginJar : add tim
2025-05-22 20:13:18,294 [INFO] IPUIPlugin:80 - create IPUIPlugin
2025-05-22 20:13:18,295 [INFO] PluginManager:220 - loadIPPluginJar : add touchsensing
2025-05-22 20:13:18,297 [INFO] IPUIPlugin:80 - create IPUIPlugin
2025-05-22 20:13:18,297 [INFO] PluginManager:220 - loadIPPluginJar : add tracer_emb
2025-05-22 20:13:18,300 [INFO] IPUIPlugin:80 - create IPUIPlugin
2025-05-22 20:13:18,300 [INFO] PluginManager:220 - loadIPPluginJar : add ts
2025-05-22 20:13:18,301 [INFO] IPUIPlugin:80 - create IPUIPlugin
2025-05-22 20:13:18,302 [INFO] PluginManager:220 - loadIPPluginJar : add tsc
2025-05-22 20:13:18,303 [INFO] IPUIPlugin:80 - create IPUIPlugin
2025-05-22 20:13:18,303 [INFO] PluginManager:220 - loadIPPluginJar : add ucpd
2025-05-22 20:13:18,305 [INFO] IPUIPlugin:80 - create IPUIPlugin
2025-05-22 20:13:18,305 [INFO] PluginManager:220 - loadIPPluginJar : add usart
2025-05-22 20:13:18,310 [INFO] IPUIPlugin:80 - create IPUIPlugin
2025-05-22 20:13:18,310 [INFO] PluginManager:220 - loadIPPluginJar : add usbx
2025-05-22 20:13:18,430 [FATAL] Updater:351 - Updater called before beeing initialized
2025-05-22 20:13:18,458 [INFO] RulesReader:64 - Compatibility file has been processed (301 Rules)
2025-05-22 20:13:18,466 [INFO] RulesReader:64 - Compatibility file has been processed (301 Rules)
2025-05-22 20:13:18,473 [INFO] CADModel:165 - CPN selected for project level
2025-05-22 20:13:18,473 [INFO] CADModel:114 - Register for checkConnection events
2025-05-22 20:13:18,473 [FATAL] Updater:351 - Updater called before beeing initialized
2025-05-22 20:13:18,473 [ERROR] CADModel:125 - Updater not yet initialized, retry later 
2025-05-22 20:13:18,625 [FATAL] Updater:351 - Updater called before beeing initialized
2025-05-22 20:13:18,628 [INFO] CADModel:165 - CPN selected for project level
2025-05-22 20:13:18,628 [INFO] CADModel:114 - Register for checkConnection events
2025-05-22 20:13:18,628 [FATAL] Updater:351 - Updater called before beeing initialized
2025-05-22 20:13:18,628 [ERROR] CADModel:125 - Updater not yet initialized, retry later 
2025-05-22 20:13:18,631 [FATAL] Updater:351 - Updater called before beeing initialized
2025-05-22 20:13:18,740 [FATAL] Updater:351 - Updater called before beeing initialized
2025-05-22 20:13:18,744 [INFO] DbMcusAds:53 - JSON generation date=Thu Mar 06 09:54:22 EST 2025 (1741272862204)
2025-05-22 20:13:18,744 [FATAL] Updater:351 - Updater called before beeing initialized
2025-05-22 20:13:18,777 [WARN] DetailPanel:346 - Failed to get advertising image, set to default
2025-05-22 20:13:19,007 [FATAL] Updater:351 - Updater called before beeing initialized
2025-05-22 20:13:19,008 [FATAL] Updater:351 - Updater called before beeing initialized
2025-05-22 20:13:19,008 [FATAL] Updater:351 - Updater called before beeing initialized
2025-05-22 20:13:19,009 [WARN] DetailPanel:346 - Failed to get advertising image, set to default
2025-05-22 20:13:19,009 [FATAL] Updater:351 - Updater called before beeing initialized
2025-05-22 20:13:19,055 [ERROR] Updater:1198 - MainUpdater not yet initialized. External WinMGr cannot be set.
2025-05-22 20:13:19,056 [INFO] Updater:1134 - Updater Version found : 6.14.0
2025-05-22 20:13:19,072 [INFO] ApplicationProperties:184 - Using Application install path: C:\ST\STM32CubeIDE_1.18.0\STM32CubeIDE\plugins\com.st.stm32cube.common.mx_6.14.0.202502271554
2025-05-22 20:13:20,642 [ERROR] LogOutputStream:75 - [STDERR_REDIRECT] May 22, 2025 8:13:20 PM java.util.prefs.WindowsPreferences <init>
2025-05-22 20:13:20,644 [ERROR] LogOutputStream:75 - [STDERR_REDIRECT] WARNING: Could not open/create prefs root node Software\JavaSoft\Prefs at root 0xffffffff80000002. Windows RegCreateKeyEx(...) returned error code 5.
2025-05-22 20:13:20,644 [ERROR] LogOutputStream:75 - [STDERR_REDIRECT] 
2025-05-22 20:13:20,694 [INFO] ThirdPartyUpdaterWithRetryManager:70 - Updater plugin not ready yet. [2/15]
2025-05-22 20:13:20,939 [INFO] MainUpdater:2872 - connection check result : 10
2025-05-22 20:13:20,940 [INFO] MainUpdater:3566 - Updater definition file requires update
2025-05-22 20:13:20,940 [INFO] MainUpdater:289 - Updater Check For Update Now.
2025-05-22 20:13:20,940 [INFO] MicroXplorer:498 - Change Database Version : DB.6.0.140
2025-05-22 20:13:20,946 [INFO] McuFinderGlobals:63 - Set McuFinder mode to 2 (CubeIDE integrated)
2025-05-22 20:13:20,947 [INFO] UserAuth:486 - Internet connection configuration mode: 1
2025-05-22 20:13:20,963 [INFO] JxBrowserEngine:152 - Initiate JxBrowser Engine with user profile folder
2025-05-22 20:13:21,048 [INFO] ServerAccessManage:473 - Download File updaters.zip
2025-05-22 20:13:21,114 [INFO] FileExtend:242 - Unzip File : updaters.zip
2025-05-22 20:13:21,114 [INFO] FileExtend:257 - Standard Zip Deflate
2025-05-22 20:13:21,402 [INFO] ServerAccessManage:473 - Download File PacksControlFlags.xml
2025-05-22 20:13:21,470 [INFO] ServerAccessManage:473 - Download File cubemx.pidx
2025-05-22 20:13:22,139 [INFO] ServerAccessManage:473 - Download File STMicroelectronics.X-CUBE-FREERTOS.pdsc
2025-05-22 20:13:22,236 [INFO] WebApp:169 - Instantiating new browser for Auth
2025-05-22 20:13:22,637 [INFO] ServerAccessManage:473 - Download File STMicroelectronics.X-CUBE-MEMS1.pdsc
2025-05-22 20:13:23,052 [INFO] WebApp:463 - Apply proxy settings
2025-05-22 20:13:23,052 [INFO] WebApp:548 - Chromium requires no authentication
2025-05-22 20:13:23,062 [INFO] WebApp:491 - Direct internet connection detected
2025-05-22 20:13:23,086 [INFO] WebApp:894 - Register for checkConnection events
2025-05-22 20:13:23,087 [INFO] WebApp:463 - Apply proxy settings
2025-05-22 20:13:23,087 [INFO] WebApp:548 - Chromium requires no authentication
2025-05-22 20:13:23,087 [INFO] WebApp:491 - Direct internet connection detected
2025-05-22 20:13:23,278 [INFO] WebApp:225 - Starting web application
2025-05-22 20:13:23,278 [INFO] WebApp:593 - Web application path used C:\ST\STM32CubeIDE_1.18.0\STM32CubeIDE\plugins\com.st.stm32cube.common.mx_6.14.0.202502271554\db\plugins\mcufinder\reactClient1\index.html
2025-05-22 20:13:23,311 [INFO] WebApp:191 - Connection restablished
2025-05-22 20:13:23,482 [INFO] UserAuth:486 - Internet connection configuration mode: 1
2025-05-22 20:13:23,695 [WARN] MainUpdater:1193 - Updater busy. Cannot search thirdparties
2025-05-22 20:13:23,695 [INFO] ThirdPartyUpdaterWithRetryManager:96 - Updater plugin is busy. [1/15]
2025-05-22 20:13:24,236 [INFO] ServerAccessManage:473 - Download File STMicroelectronics.X-CUBE-NFC7.pdsc
2025-05-22 20:13:24,536 [INFO] ServerAccessManage:473 - Download File STMicroelectronics.X-CUBE-ST60.pdsc
2025-05-22 20:13:24,680 [INFO] ServerAccessManage:473 - Download File STMicroelectronics.X-CUBE-TOF1.pdsc
2025-05-22 20:13:25,432 [ERROR] ServerAccessManage:1089 - Problem, file not found on Server
2025-05-22 20:13:26,292 [INFO] ServerAccessManage:473 - Download File STMicroelectronics.X-CUBE-WB05N.pdsc
2025-05-22 20:13:26,695 [WARN] MainUpdater:1193 - Updater busy. Cannot search thirdparties
2025-05-22 20:13:26,695 [INFO] ThirdPartyUpdaterWithRetryManager:96 - Updater plugin is busy. [2/15]
2025-05-22 20:13:27,121 [INFO] ServerAccessManage:473 - Download File Avnet-IotConnect.X-CUBE-IoTC-DA16k-PMOD.pdsc
2025-05-22 20:13:27,241 [WARN] PackLoader:240 - Cannot read IP mode file for STMicroelectronics.X-CUBE-FREERTOS.1.3.1
2025-05-22 20:13:27,312 [WARN] PackLoader:240 - Cannot read IP mode file for STMicroelectronics.X-CUBE-MEMS1.11.2.0
2025-05-22 20:13:27,339 [INFO] CheckServerUpdateThread:120 - End of CheckServer Thread
2025-05-22 20:13:27,457 [WARN] PackLoader:240 - Cannot read IP mode file for STMicroelectronics.X-CUBE-NFC7.2.0.0
2025-05-22 20:13:27,461 [WARN] PackLoader:240 - Cannot read IP mode file for STMicroelectronics.X-CUBE-ST60.1.0.0
2025-05-22 20:13:27,469 [WARN] PackLoader:240 - Cannot read IP mode file for STMicroelectronics.X-CUBE-TOF1.3.4.3
2025-05-22 20:13:27,488 [WARN] PackLoader:240 - Cannot read IP mode file for STMicroelectronics.X-CUBE-WB05N.2.0.0
2025-05-22 20:13:27,492 [WARN] PackLoader:240 - Cannot read IP mode file for Avnet-IotConnect.X-CUBE-IoTC-DA16k-PMOD.1.0.0
2025-05-22 20:13:27,492 [INFO] PopulateThirdPartyThread:66 - Ending populate Thread
2025-05-22 20:13:27,493 [INFO] ThirdParty:1030 - CMSIS Pack Vendor :STMicroelectronics X-CUBE-FREERTOS 1.3.1
2025-05-22 20:13:27,493 [INFO] ThirdParty:1030 - CMSIS Pack Vendor :STMicroelectronics X-CUBE-ST60 1.0.0
2025-05-22 20:13:27,493 [INFO] ThirdParty:1030 - CMSIS Pack Vendor :STMicroelectronics X-CUBE-NFC7 2.0.0
2025-05-22 20:13:27,493 [INFO] ThirdParty:1030 - CMSIS Pack Vendor :STMicroelectronics X-CUBE-TOF1 3.4.3
2025-05-22 20:13:27,493 [INFO] ThirdParty:1030 - CMSIS Pack Vendor :STMicroelectronics X-CUBE-MEMS1 11.2.0
2025-05-22 20:13:27,493 [INFO] ThirdParty:1030 - CMSIS Pack Vendor :STMicroelectronics X-CUBE-WB05N 2.0.0
2025-05-22 20:13:27,493 [INFO] ThirdParty:1030 - CMSIS Pack Vendor :Avnet-IotConnect X-CUBE-IoTC-DA16k-PMOD 1.0.0
2025-05-22 20:13:27,494 [INFO] LoadServerUpdatesThread:375 - End of LoadServerUpdate Thread
2025-05-22 20:13:29,842 [WARN] PackLoader:240 - Cannot read IP mode file for STMicroelectronics.FP-SNS-MOTENVWB1.1.4.0
2025-05-22 20:13:29,845 [WARN] PackLoader:240 - Cannot read IP mode file for STMicroelectronics.FP-ATR-ASTRA1.2.0.2
2025-05-22 20:13:29,854 [WARN] PackLoader:240 - Cannot read IP mode file for STMicroelectronics.X-CUBE-SMBUS.2.1.0
2025-05-22 20:13:29,859 [WARN] PackLoader:240 - Cannot read IP mode file for STMicroelectronics.X-CUBE-WB05N.1.1.0
2025-05-22 20:13:29,862 [WARN] PackLoader:240 - Cannot read IP mode file for STMicroelectronics.X-CUBE-ST60.1.0.0
2025-05-22 20:13:29,875 [WARN] PackLoader:240 - Cannot read IP mode file for STMicroelectronics.X-CUBE-AZRTOS-F7.1.1.0
2025-05-22 20:13:29,893 [WARN] PackLoader:240 - Cannot read IP mode file for Infineon.AIROC-Wi-Fi-Bluetooth-STM32.1.7.0
2025-05-22 20:13:29,899 [WARN] PackLoader:240 - Cannot read IP mode file for STMicroelectronics.X-CUBE-DISPLAY.3.0.0
2025-05-22 20:13:29,907 [WARN] PackLoader:240 - Cannot read IP mode file for STMicroelectronics.X-CUBE-NFC10.1.0.0
2025-05-22 20:13:29,914 [WARN] PackLoader:240 - Cannot read IP mode file for STMicroelectronics.X-CUBE-BLEMGR.4.0.0
2025-05-22 20:13:29,920 [WARN] PackLoader:240 - Cannot read IP mode file for emotas.I-CUBE-CANOPEN.1.3.0
2025-05-22 20:13:29,923 [WARN] ConditionMgr:438 - getConditionDescription Invalid condition id : Cortex-A Device cause : null
2025-05-22 20:13:29,932 [WARN] ConditionMgr:1044 - genDependencies : Invalid condition id : Cortex-A Device cause : null
2025-05-22 20:13:29,932 [WARN] ConditionMgr:1044 - genDependencies : Invalid condition id : Cortex-A Device cause : null
2025-05-22 20:13:29,932 [WARN] ConditionMgr:1044 - genDependencies : Invalid condition id : Cortex-A Device cause : null
2025-05-22 20:13:29,934 [WARN] PackLoader:240 - Cannot read IP mode file for STMicroelectronics.X-CUBE-AI.10.0.0
2025-05-22 20:13:29,937 [WARN] PackLoader:240 - Cannot read IP mode file for STMicroelectronics.FP-SNS-SMARTAG2.1.2.0
2025-05-22 20:13:29,940 [WARN] PackLoader:240 - Cannot read IP mode file for STMicroelectronics.FP-SNS-FLIGHT1.5.1.0
2025-05-22 20:13:29,971 [WARN] PackLoader:240 - Cannot read IP mode file for STMicroelectronics.X-CUBE-MEMS1.11.1.0
2025-05-22 20:13:30,060 [INFO] LogOutputStream:77 - [STDOUT_REDIRECT] 1 : Invalid condition id : UX_CORESTACK_Condition cause : null
2025-05-22 20:13:30,061 [INFO] LogOutputStream:77 - [STDOUT_REDIRECT] 1 : Invalid condition id : UX_CORESTACK_Condition cause : null
2025-05-22 20:13:30,062 [INFO] LogOutputStream:77 - [STDOUT_REDIRECT] 1 : Invalid condition id : UX_CORESTACK_Condition cause : null
2025-05-22 20:13:30,063 [INFO] LogOutputStream:77 - [STDOUT_REDIRECT] 1 : Invalid condition id : UX_CORESTACK_Condition cause : null
2025-05-22 20:13:30,063 [INFO] LogOutputStream:77 - [STDOUT_REDIRECT] 1 : Invalid condition id : UX_CORESTACK_Condition cause : null
2025-05-22 20:13:30,065 [WARN] PackLoader:240 - Cannot read IP mode file for STMicroelectronics.X-CUBE-AZRTOS-WL.2.0.0
2025-05-22 20:13:30,069 [WARN] PackLoader:240 - Cannot read IP mode file for STMicroelectronics.FP-SNS-MOTENV1.5.0.0
2025-05-22 20:13:30,074 [WARN] PackLoader:240 - Cannot read IP mode file for WES.I-CUBE-Cesium.1.3.0
2025-05-22 20:13:30,078 [WARN] PackLoader:240 - Cannot read IP mode file for STMicroelectronics.X-CUBE-BLE2.3.3.0
2025-05-22 20:13:30,081 [WARN] PackLoader:240 - Cannot read IP mode file for STMicroelectronics.X-CUBE-NFC9.1.0.0
2025-05-22 20:13:30,085 [WARN] PackLoader:240 - Cannot read IP mode file for STMicroelectronics.X-CUBE-BLE1.7.1.0
2025-05-22 20:13:30,088 [WARN] PackLoader:240 - Cannot read IP mode file for wolfSSL.I-CUBE-wolfMQTT.1.19.2
2025-05-22 20:13:30,114 [WARN] PackLoader:240 - Cannot read IP mode file for STMicroelectronics.X-CUBE-MEMS1.11.2.0
2025-05-22 20:13:30,189 [WARN] PackLoader:240 - Cannot read IP mode file for STMicroelectronics.X-CUBE-AZRTOS-G0.1.1.0
2025-05-22 20:13:30,194 [WARN] PackLoader:240 - Cannot read IP mode file for STMicroelectronics.X-CUBE-SAFEA1.1.2.2
2025-05-22 20:13:30,199 [WARN] PackLoader:240 - Cannot read IP mode file for STMicroelectronics.X-CUBE-NFC4.3.0.0
2025-05-22 20:13:30,204 [WARN] PackLoader:240 - Cannot read IP mode file for EmbeddedOffice.I-CUBE-FS-RTOS.1.0.1
2025-05-22 20:13:30,208 [WARN] PackLoader:240 - Cannot read IP mode file for STMicroelectronics.X-CUBE-WB05N.2.0.0
2025-05-22 20:13:30,211 [WARN] PackLoader:240 - Cannot read IP mode file for wolfSSL.I-CUBE-wolfTPM.3.8.0
2025-05-22 20:13:30,215 [WARN] PackLoader:240 - Cannot read IP mode file for STMicroelectronics.X-CUBE-TCPP.4.2.0
2025-05-22 20:13:30,218 [WARN] PackLoader:240 - Cannot read IP mode file for RealThread.X-CUBE-RT-Thread_Nano.4.1.1
2025-05-22 20:13:30,221 [WARN] PackLoader:240 - Cannot read IP mode file for STMicroelectronics.FP-ATR-SIGFOX1.3.2.0
2025-05-22 20:13:30,225 [WARN] PackLoader:240 - Cannot read IP mode file for STMicroelectronics.X-CUBE-EEPRMA1.5.1.0
2025-05-22 20:13:30,228 [WARN] PackLoader:240 - Cannot read IP mode file for wolfSSL.I-CUBE-wolfSSL.5.7.6
2025-05-22 20:13:30,232 [WARN] PackLoader:240 - Cannot read IP mode file for ITTIA_DB.I-CUBE-ITTIADB.8.9.0
2025-05-22 20:13:30,248 [WARN] PackLoader:240 - Cannot read IP mode file for SEGGER.I-CUBE-embOS.1.3.1
2025-05-22 20:13:30,276 [WARN] PackLoader:240 - Cannot read IP mode file for STMicroelectronics.X-CUBE-ALGOBUILD.1.4.0
2025-05-22 20:13:30,287 [WARN] PackLoader:240 - Cannot read IP mode file for STMicroelectronics.X-CUBE-AZRTOS-F4.1.1.0
2025-05-22 20:13:30,292 [WARN] PackLoader:240 - Cannot read IP mode file for Avnet-IotConnect.X-CUBE-IoTC-DA16k-PMOD.1.0.0
2025-05-22 20:13:30,295 [WARN] PackLoader:240 - Cannot read IP mode file for STMicroelectronics.X-CUBE-ISPU.2.1.0
2025-05-22 20:13:30,305 [WARN] PackLoader:240 - Cannot read IP mode file for STMicroelectronics.X-CUBE-AZRTOS-L5.2.0.0
2025-05-22 20:13:30,312 [WARN] PackLoader:240 - Cannot read IP mode file for STMicroelectronics.X-CUBE-NFC6.3.1.0
2025-05-22 20:13:30,316 [WARN] PackLoader:240 - Cannot read IP mode file for STMicroelectronics.X-CUBE-DPower.1.2.0
2025-05-22 20:13:30,319 [WARN] PackLoader:240 - Cannot read IP mode file for STMicroelectronics.X-CUBE-FREERTOS.1.3.1
2025-05-22 20:13:30,322 [WARN] PackLoader:240 - Cannot read IP mode file for STMicroelectronics.X-CUBE-FREERTOS.1.3.0
2025-05-22 20:13:30,326 [WARN] PackLoader:240 - Cannot read IP mode file for STMicroelectronics.X-CUBE-NFC7.1.0.1
2025-05-22 20:13:30,329 [WARN] PackLoader:240 - Cannot read IP mode file for STMicroelectronics.X-CUBE-DPower.1.3.0
2025-05-22 20:13:30,340 [WARN] ConditionMgr:438 - getConditionDescription Invalid condition id : LAN8742 Phy interface Condition cause : null
2025-05-22 20:13:30,340 [WARN] PackLoader:240 - Cannot read IP mode file for STMicroelectronics.X-CUBE-AZRTOS-L4.2.0.0
2025-05-22 20:13:30,341 [WARN] ConditionMgr:1044 - genDependencies : Invalid condition id : LAN8742 Phy interface Condition cause : null
2025-05-22 20:13:30,341 [WARN] ConditionMgr:1044 - genDependencies : Invalid condition id : LAN8742 Phy interface Condition cause : null
2025-05-22 20:13:30,342 [WARN] ConditionMgr:1044 - genDependencies : Invalid condition id : LAN8742 Phy interface Condition cause : null
2025-05-22 20:13:30,347 [WARN] PackLoader:240 - Cannot read IP mode file for STMicroelectronics.X-CUBE-SFXS2LP1.4.0.0
2025-05-22 20:13:30,360 [WARN] PackLoader:240 - Cannot read IP mode file for STMicroelectronics.X-CUBE-AZRTOS-H7.3.3.0
2025-05-22 20:13:30,369 [WARN] ConditionMgr:438 - getConditionDescription Invalid condition id : UX DEVICE CLASS RTOS Condition cause : null
2025-05-22 20:13:30,369 [WARN] ConditionMgr:438 - getConditionDescription Invalid condition id : UX DEVICE CLASS RTOS Condition cause : null
2025-05-22 20:13:30,370 [WARN] PackLoader:240 - Cannot read IP mode file for STMicroelectronics.X-CUBE-AZRTOS-WB.2.0.0
2025-05-22 20:13:30,371 [WARN] ConditionMgr:1044 - genDependencies : Invalid condition id : UX DEVICE CLASS RTOS Condition cause : null
2025-05-22 20:13:30,371 [WARN] ConditionMgr:1044 - genDependencies : Invalid condition id : UX DEVICE CLASS RTOS Condition cause : null
2025-05-22 20:13:30,371 [WARN] ConditionMgr:1044 - genDependencies : Invalid condition id : UX DEVICE CLASS RTOS Condition cause : null
2025-05-22 20:13:30,371 [WARN] ConditionMgr:1044 - genDependencies : Invalid condition id : UX DEVICE CLASS RTOS Condition cause : null
2025-05-22 20:13:30,371 [WARN] ConditionMgr:1044 - genDependencies : Invalid condition id : UX DEVICE CLASS RTOS Condition cause : null
2025-05-22 20:13:30,375 [WARN] PackLoader:240 - Cannot read IP mode file for STMicroelectronics.X-CUBE-GNSS1.7.0.1
2025-05-22 20:13:30,379 [WARN] PackLoader:240 - Cannot read IP mode file for STMicroelectronics.X-CUBE-TOUCHGFX.4.25.0
2025-05-22 20:13:30,383 [WARN] PackLoader:240 - Cannot read IP mode file for STMicroelectronics.FP-SNS-STBOX1.2.0.0
2025-05-22 20:13:30,390 [WARN] PackLoader:240 - Cannot read IP mode file for STMicroelectronics.X-CUBE-SUBG2.5.0.0
2025-05-22 20:13:30,417 [WARN] PackLoader:240 - Cannot read IP mode file for STMicroelectronics.X-CUBE-AZRTOS-H7RS.1.1.0
2025-05-22 20:13:30,424 [WARN] PackLoader:240 - Cannot read IP mode file for Cesanta.I-CUBE-Mongoose.7.13.0
2025-05-22 20:13:30,435 [WARN] PackLoader:240 - Cannot read IP mode file for STMicroelectronics.X-CUBE-AZRTOS-G4.2.0.0
2025-05-22 20:13:30,439 [WARN] PackLoader:240 - Cannot read IP mode file for wolfSSL.I-CUBE-wolfSSH.1.4.20
2025-05-22 20:13:30,442 [WARN] PackLoader:240 - Cannot read IP mode file for STMicroelectronics.X-CUBE-NFC7.2.0.0
2025-05-22 20:13:30,453 [WARN] PackLoader:240 - Cannot read IP mode file for STMicroelectronics.X-CUBE-IPS.3.1.0
2025-05-22 20:13:30,460 [WARN] PackLoader:240 - Cannot read IP mode file for STMicroelectronics.X-CUBE-ALS.1.0.2
2025-05-22 20:13:30,466 [WARN] PackLoader:240 - Cannot read IP mode file for portGmbH.I-Cube-SoM-uGOAL.1.1.0
2025-05-22 20:13:30,480 [WARN] PackLoader:240 - Cannot read IP mode file for STMicroelectronics.X-CUBE-AZRTOS-H7RS.1.0.0
2025-05-22 20:13:30,501 [WARN] PackLoader:240 - Cannot read IP mode file for STMicroelectronics.X-CUBE-TOF1.3.4.2
2025-05-22 20:13:30,516 [WARN] PackLoader:240 - Cannot read IP mode file for STMicroelectronics.X-CUBE-TOF1.3.4.3
2025-05-22 20:13:30,530 [INFO] ThirdParty:978 - Integrity check success = true
2025-05-22 20:13:30,530 [INFO] IntegrityCheckThread:100 - exiting critical section [integrity check]
2025-05-22 20:13:30,530 [INFO] IntegrityCheckThread:103 - End integrity checks thread
