22:46:05 **** Incremental Build of configuration Debug for project Waveform1 ****
make -j12 all 
arm-none-eabi-gcc "../Core/Src/main.c" -mcpu=cortex-m4 -std=gnu11 -g3 -DDEBUG -DUSE_HAL_DRIVER -DSTM32F407xx -c -I../USB_DEVICE/App -I../USB_DEVICE/Target -I../Core/Inc -I../Drivers/STM32F4xx_HAL_Driver/Inc -I../Drivers/STM32F4xx_HAL_Driver/Inc/Legacy -I../Middlewares/ST/STM32_USB_Device_Library/Core/Inc -I../Middlewares/ST/STM32_USB_Device_Library/Class/CDC/Inc -I../Drivers/CMSIS/Device/ST/STM32F4xx/Include -I../Drivers/CMSIS/Include -O0 -ffunction-sections -fdata-sections -Wall -fstack-usage -fcyclomatic-complexity -MMD -MP -MF"Core/Src/main.d" -MT"Core/Src/main.o" --specs=nano.specs -mfpu=fpv4-sp-d16 -mfloat-abi=hard -mthumb -o "Core/Src/main.o"
../Core/Src/main.c: In function 'processData':
../Core/Src/main.c:301:18: warning: unused variable 'quarter' [-Wunused-variable]
  301 |         uint16_t quarter = M/4;
      |                  ^~~~~~~
../Core/Src/main.c:294:36: warning: unused variable 'rightOutInt' [-Wunused-variable]
  294 |         static int16_t leftOutInt, rightOutInt;
      |                                    ^~~~~~~~~~~
../Core/Src/main.c:293:31: warning: unused variable 'rightOut' [-Wunused-variable]
  293 |         static float leftOut, rightOut;
      |                               ^~~~~~~~
../Core/Src/main.c:293:22: warning: unused variable 'leftOut' [-Wunused-variable]
  293 |         static float leftOut, rightOut;
      |                      ^~~~~~~
../Core/Src/main.c: In function 'main':
../Core/Src/main.c:647:17: warning: unused variable 'buf' [-Wunused-variable]
  647 |         uint8_t buf[12];
      |                 ^~~
arm-none-eabi-gcc -o "Waveform1.elf" @"objects.list"   -mcpu=cortex-m4 -T"C:\Qynth\Waveform1\STM32F407VGTX_FLASH.ld" --specs=nosys.specs -Wl,-Map="Waveform1.map" -Wl,--gc-sections -static -u_printf_float --specs=nano.specs -mfpu=fpv4-sp-d16 -mfloat-abi=hard -mthumb -Wl,--start-group -lc -lm -Wl,--end-group
Finished building target: Waveform1.elf
 
arm-none-eabi-size  Waveform1.elf 
arm-none-eabi-objdump -h -S Waveform1.elf  > "Waveform1.list"
   text	   data	    bss	    dec	    hex	filename
  70448	    760	 109792	 181000	  2c308	Waveform1.elf
Finished building: default.size.stdout
 
Finished building: Waveform1.list
 
22:46:12 **** Incremental Build of configuration Debug for project Waveform1 ****
make -j12 all 
arm-none-eabi-size  Waveform1.elf 
   text	   data	    bss	    dec	    hex	filename
  70448	    760	 109792	 181000	  2c308	Waveform1.elf
Finished building: default.size.stdout
 
22:48:55 **** Incremental Build of configuration Debug for project Waveform1 ****
make -j12 all 
arm-none-eabi-gcc "../Core/Src/main.c" -mcpu=cortex-m4 -std=gnu11 -g3 -DDEBUG -DUSE_HAL_DRIVER -DSTM32F407xx -c -I../USB_DEVICE/App -I../USB_DEVICE/Target -I../Core/Inc -I../Drivers/STM32F4xx_HAL_Driver/Inc -I../Drivers/STM32F4xx_HAL_Driver/Inc/Legacy -I../Middlewares/ST/STM32_USB_Device_Library/Core/Inc -I../Middlewares/ST/STM32_USB_Device_Library/Class/CDC/Inc -I../Drivers/CMSIS/Device/ST/STM32F4xx/Include -I../Drivers/CMSIS/Include -O0 -ffunction-sections -fdata-sections -Wall -fstack-usage -fcyclomatic-complexity -MMD -MP -MF"Core/Src/main.d" -MT"Core/Src/main.o" --specs=nano.specs -mfpu=fpv4-sp-d16 -mfloat-abi=hard -mthumb -o "Core/Src/main.o"
../Core/Src/main.c: In function 'processData':
../Core/Src/main.c:301:18: warning: unused variable 'quarter' [-Wunused-variable]
  301 |         uint16_t quarter = M/4;
      |                  ^~~~~~~
../Core/Src/main.c:294:36: warning: unused variable 'rightOutInt' [-Wunused-variable]
  294 |         static int16_t leftOutInt, rightOutInt;
      |                                    ^~~~~~~~~~~
../Core/Src/main.c:293:31: warning: unused variable 'rightOut' [-Wunused-variable]
  293 |         static float leftOut, rightOut;
      |                               ^~~~~~~~
../Core/Src/main.c:293:22: warning: unused variable 'leftOut' [-Wunused-variable]
  293 |         static float leftOut, rightOut;
      |                      ^~~~~~~
../Core/Src/main.c: In function 'main':
../Core/Src/main.c:647:17: warning: unused variable 'buf' [-Wunused-variable]
  647 |         uint8_t buf[12];
      |                 ^~~
arm-none-eabi-gcc -o "Waveform1.elf" @"objects.list"   -mcpu=cortex-m4 -T"C:\Qynth\Waveform1\STM32F407VGTX_FLASH.ld" --specs=nosys.specs -Wl,-Map="Waveform1.map" -Wl,--gc-sections -static -u_printf_float --specs=nano.specs -mfpu=fpv4-sp-d16 -mfloat-abi=hard -mthumb -Wl,--start-group -lc -lm -Wl,--end-group
Finished building target: Waveform1.elf
 
arm-none-eabi-size  Waveform1.elf 
arm-none-eabi-objdump -h -S Waveform1.elf  > "Waveform1.list"
   text	   data	    bss	    dec	    hex	filename
  70656	    760	 109792	 181208	  2c3d8	Waveform1.elf
Finished building: default.size.stdout
 
Finished building: Waveform1.list
 
22:50:06 **** Incremental Build of configuration Debug for project Waveform1 ****
make -j12 all 
arm-none-eabi-gcc "../Core/Src/main.c" -mcpu=cortex-m4 -std=gnu11 -g3 -DDEBUG -DUSE_HAL_DRIVER -DSTM32F407xx -c -I../USB_DEVICE/App -I../USB_DEVICE/Target -I../Core/Inc -I../Drivers/STM32F4xx_HAL_Driver/Inc -I../Drivers/STM32F4xx_HAL_Driver/Inc/Legacy -I../Middlewares/ST/STM32_USB_Device_Library/Core/Inc -I../Middlewares/ST/STM32_USB_Device_Library/Class/CDC/Inc -I../Drivers/CMSIS/Device/ST/STM32F4xx/Include -I../Drivers/CMSIS/Include -O0 -ffunction-sections -fdata-sections -Wall -fstack-usage -fcyclomatic-complexity -MMD -MP -MF"Core/Src/main.d" -MT"Core/Src/main.o" --specs=nano.specs -mfpu=fpv4-sp-d16 -mfloat-abi=hard -mthumb -o "Core/Src/main.o"
../Core/Src/main.c: In function 'processData':
../Core/Src/main.c:301:18: warning: unused variable 'quarter' [-Wunused-variable]
  301 |         uint16_t quarter = M/4;
      |                  ^~~~~~~
../Core/Src/main.c:297:16: warning: variable 'tNote' set but not used [-Wunused-but-set-variable]
  297 |         double tNote;
      |                ^~~~~
../Core/Src/main.c:294:36: warning: unused variable 'rightOutInt' [-Wunused-variable]
  294 |         static int16_t leftOutInt, rightOutInt;
      |                                    ^~~~~~~~~~~
../Core/Src/main.c:293:31: warning: unused variable 'rightOut' [-Wunused-variable]
  293 |         static float leftOut, rightOut;
      |                               ^~~~~~~~
../Core/Src/main.c:293:22: warning: unused variable 'leftOut' [-Wunused-variable]
  293 |         static float leftOut, rightOut;
      |                      ^~~~~~~
../Core/Src/main.c: In function 'main':
../Core/Src/main.c:647:17: warning: unused variable 'buf' [-Wunused-variable]
  647 |         uint8_t buf[12];
      |                 ^~~
arm-none-eabi-gcc -o "Waveform1.elf" @"objects.list"   -mcpu=cortex-m4 -T"C:\Qynth\Waveform1\STM32F407VGTX_FLASH.ld" --specs=nosys.specs -Wl,-Map="Waveform1.map" -Wl,--gc-sections -static -u_printf_float --specs=nano.specs -mfpu=fpv4-sp-d16 -mfloat-abi=hard -mthumb -Wl,--start-group -lc -lm -Wl,--end-group
Finished building target: Waveform1.elf
 
arm-none-eabi-size  Waveform1.elf 
arm-none-eabi-objdump -h -S Waveform1.elf  > "Waveform1.list"
   text	   data	    bss	    dec	    hex	filename
  69896	    752	 109784	 180432	  2c0d0	Waveform1.elf
Finished building: default.size.stdout
 
Finished building: Waveform1.list
 
22:51:08 **** Incremental Build of configuration Debug for project Waveform1 ****
make -j12 all 
arm-none-eabi-gcc "../Core/Src/main.c" -mcpu=cortex-m4 -std=gnu11 -g3 -DDEBUG -DUSE_HAL_DRIVER -DSTM32F407xx -c -I../USB_DEVICE/App -I../USB_DEVICE/Target -I../Core/Inc -I../Drivers/STM32F4xx_HAL_Driver/Inc -I../Drivers/STM32F4xx_HAL_Driver/Inc/Legacy -I../Middlewares/ST/STM32_USB_Device_Library/Core/Inc -I../Middlewares/ST/STM32_USB_Device_Library/Class/CDC/Inc -I../Drivers/CMSIS/Device/ST/STM32F4xx/Include -I../Drivers/CMSIS/Include -O0 -ffunction-sections -fdata-sections -Wall -fstack-usage -fcyclomatic-complexity -MMD -MP -MF"Core/Src/main.d" -MT"Core/Src/main.o" --specs=nano.specs -mfpu=fpv4-sp-d16 -mfloat-abi=hard -mthumb -o "Core/Src/main.o"
../Core/Src/main.c: In function 'processData':
../Core/Src/main.c:301:18: warning: unused variable 'quarter' [-Wunused-variable]
  301 |         uint16_t quarter = M/4;
      |                  ^~~~~~~
../Core/Src/main.c:294:36: warning: unused variable 'rightOutInt' [-Wunused-variable]
  294 |         static int16_t leftOutInt, rightOutInt;
      |                                    ^~~~~~~~~~~
../Core/Src/main.c:293:31: warning: variable 'rightOut' set but not used [-Wunused-but-set-variable]
  293 |         static float leftOut, rightOut;
      |                               ^~~~~~~~
../Core/Src/main.c:293:22: warning: unused variable 'leftOut' [-Wunused-variable]
  293 |         static float leftOut, rightOut;
      |                      ^~~~~~~
../Core/Src/main.c: In function 'main':
../Core/Src/main.c:649:17: warning: unused variable 'buf' [-Wunused-variable]
  649 |         uint8_t buf[12];
      |                 ^~~
arm-none-eabi-gcc -o "Waveform1.elf" @"objects.list"   -mcpu=cortex-m4 -T"C:\Qynth\Waveform1\STM32F407VGTX_FLASH.ld" --specs=nosys.specs -Wl,-Map="Waveform1.map" -Wl,--gc-sections -static -u_printf_float --specs=nano.specs -mfpu=fpv4-sp-d16 -mfloat-abi=hard -mthumb -Wl,--start-group -lc -lm -Wl,--end-group
Finished building target: Waveform1.elf
 
arm-none-eabi-size  Waveform1.elf 
arm-none-eabi-objdump -h -S Waveform1.elf  > "Waveform1.list"
   text	   data	    bss	    dec	    hex	filename
  70608	    760	 109792	 181160	  2c3a8	Waveform1.elf
Finished building: default.size.stdout
 
Finished building: Waveform1.list
 
22:51:41 **** Incremental Build of configuration Debug for project Waveform1 ****
make -j12 all 
arm-none-eabi-gcc "../Core/Src/main.c" -mcpu=cortex-m4 -std=gnu11 -g3 -DDEBUG -DUSE_HAL_DRIVER -DSTM32F407xx -c -I../USB_DEVICE/App -I../USB_DEVICE/Target -I../Core/Inc -I../Drivers/STM32F4xx_HAL_Driver/Inc -I../Drivers/STM32F4xx_HAL_Driver/Inc/Legacy -I../Middlewares/ST/STM32_USB_Device_Library/Core/Inc -I../Middlewares/ST/STM32_USB_Device_Library/Class/CDC/Inc -I../Drivers/CMSIS/Device/ST/STM32F4xx/Include -I../Drivers/CMSIS/Include -O0 -ffunction-sections -fdata-sections -Wall -fstack-usage -fcyclomatic-complexity -MMD -MP -MF"Core/Src/main.d" -MT"Core/Src/main.o" --specs=nano.specs -mfpu=fpv4-sp-d16 -mfloat-abi=hard -mthumb -o "Core/Src/main.o"
../Core/Src/main.c: In function 'processData':
../Core/Src/main.c:301:18: warning: unused variable 'quarter' [-Wunused-variable]
  301 |         uint16_t quarter = M/4;
      |                  ^~~~~~~
../Core/Src/main.c:294:36: warning: unused variable 'rightOutInt' [-Wunused-variable]
  294 |         static int16_t leftOutInt, rightOutInt;
      |                                    ^~~~~~~~~~~
../Core/Src/main.c:293:31: warning: variable 'rightOut' set but not used [-Wunused-but-set-variable]
  293 |         static float leftOut, rightOut;
      |                               ^~~~~~~~
../Core/Src/main.c:293:22: warning: unused variable 'leftOut' [-Wunused-variable]
  293 |         static float leftOut, rightOut;
      |                      ^~~~~~~
../Core/Src/main.c: In function 'main':
../Core/Src/main.c:649:17: warning: unused variable 'buf' [-Wunused-variable]
  649 |         uint8_t buf[12];
      |                 ^~~
arm-none-eabi-gcc -o "Waveform1.elf" @"objects.list"   -mcpu=cortex-m4 -T"C:\Qynth\Waveform1\STM32F407VGTX_FLASH.ld" --specs=nosys.specs -Wl,-Map="Waveform1.map" -Wl,--gc-sections -static -u_printf_float --specs=nano.specs -mfpu=fpv4-sp-d16 -mfloat-abi=hard -mthumb -Wl,--start-group -lc -lm -Wl,--end-group
Finished building target: Waveform1.elf
 
arm-none-eabi-size  Waveform1.elf 
arm-none-eabi-objdump -h -S Waveform1.elf  > "Waveform1.list"
   text	   data	    bss	    dec	    hex	filename
  70608	    760	 109792	 181160	  2c3a8	Waveform1.elf
Finished building: default.size.stdout
 
Finished building: Waveform1.list
 
22:52:54 **** Incremental Build of configuration Debug for project Waveform1 ****
make -j12 all 
arm-none-eabi-gcc "../Core/Src/main.c" -mcpu=cortex-m4 -std=gnu11 -g3 -DDEBUG -DUSE_HAL_DRIVER -DSTM32F407xx -c -I../USB_DEVICE/App -I../USB_DEVICE/Target -I../Core/Inc -I../Drivers/STM32F4xx_HAL_Driver/Inc -I../Drivers/STM32F4xx_HAL_Driver/Inc/Legacy -I../Middlewares/ST/STM32_USB_Device_Library/Core/Inc -I../Middlewares/ST/STM32_USB_Device_Library/Class/CDC/Inc -I../Drivers/CMSIS/Device/ST/STM32F4xx/Include -I../Drivers/CMSIS/Include -O0 -ffunction-sections -fdata-sections -Wall -fstack-usage -fcyclomatic-complexity -MMD -MP -MF"Core/Src/main.d" -MT"Core/Src/main.o" --specs=nano.specs -mfpu=fpv4-sp-d16 -mfloat-abi=hard -mthumb -o "Core/Src/main.o"
../Core/Src/main.c: In function 'processData':
../Core/Src/main.c:301:18: warning: unused variable 'quarter' [-Wunused-variable]
  301 |         uint16_t quarter = M/4;
      |                  ^~~~~~~
../Core/Src/main.c:294:36: warning: unused variable 'rightOutInt' [-Wunused-variable]
  294 |         static int16_t leftOutInt, rightOutInt;
      |                                    ^~~~~~~~~~~
../Core/Src/main.c:293:31: warning: variable 'rightOut' set but not used [-Wunused-but-set-variable]
  293 |         static float leftOut, rightOut;
      |                               ^~~~~~~~
../Core/Src/main.c:293:22: warning: unused variable 'leftOut' [-Wunused-variable]
  293 |         static float leftOut, rightOut;
      |                      ^~~~~~~
../Core/Src/main.c: In function 'main':
../Core/Src/main.c:649:17: warning: unused variable 'buf' [-Wunused-variable]
  649 |         uint8_t buf[12];
      |                 ^~~
arm-none-eabi-gcc -o "Waveform1.elf" @"objects.list"   -mcpu=cortex-m4 -T"C:\Qynth\Waveform1\STM32F407VGTX_FLASH.ld" --specs=nosys.specs -Wl,-Map="Waveform1.map" -Wl,--gc-sections -static -u_printf_float --specs=nano.specs -mfpu=fpv4-sp-d16 -mfloat-abi=hard -mthumb -Wl,--start-group -lc -lm -Wl,--end-group
Finished building target: Waveform1.elf
 
arm-none-eabi-size  Waveform1.elf 
arm-none-eabi-objdump -h -S Waveform1.elf  > "Waveform1.list"
   text	   data	    bss	    dec	    hex	filename
  70400	    760	 109792	 180952	  2c2d8	Waveform1.elf
Finished building: default.size.stdout
 
Finished building: Waveform1.list
 
22:53:49 **** Incremental Build of configuration Debug for project Waveform1 ****
make -j12 all 
arm-none-eabi-gcc "../Core/Src/main.c" -mcpu=cortex-m4 -std=gnu11 -g3 -DDEBUG -DUSE_HAL_DRIVER -DSTM32F407xx -c -I../USB_DEVICE/App -I../USB_DEVICE/Target -I../Core/Inc -I../Drivers/STM32F4xx_HAL_Driver/Inc -I../Drivers/STM32F4xx_HAL_Driver/Inc/Legacy -I../Middlewares/ST/STM32_USB_Device_Library/Core/Inc -I../Middlewares/ST/STM32_USB_Device_Library/Class/CDC/Inc -I../Drivers/CMSIS/Device/ST/STM32F4xx/Include -I../Drivers/CMSIS/Include -O0 -ffunction-sections -fdata-sections -Wall -fstack-usage -fcyclomatic-complexity -MMD -MP -MF"Core/Src/main.d" -MT"Core/Src/main.o" --specs=nano.specs -mfpu=fpv4-sp-d16 -mfloat-abi=hard -mthumb -o "Core/Src/main.o"
../Core/Src/main.c: In function 'processData':
../Core/Src/main.c:320:24: error: incompatible type for argument 1 of 'printf'
  320 |                 printf(rightOut);
      |                        ^~~~~~~~
      |                        |
      |                        float
In file included from ../USB_DEVICE/Target/usbd_conf.h:30,
                 from ../Middlewares/ST/STM32_USB_Device_Library/Core/Inc/usbd_def.h:28,
                 from ../USB_DEVICE/App/usb_device.h:32,
                 from ../Core/Src/main.c:23:
C:\ST\STM32CubeIDE_1.18.0\STM32CubeIDE\plugins\com.st.stm32cube.ide.mcu.externaltools.gnu-tools-for-stm32.13.3.rel1.win32_1.0.0.202411081344\tools\bin/../lib/gcc/arm-none-eabi/13.3.1/../../../../arm-none-eabi/include/stdio.h:206:17: note: expected 'const char * restrict' but argument is of type 'float'
  206 | int     printf (const char *__restrict, ...)
      |                 ^
../Core/Src/main.c:301:18: warning: unused variable 'quarter' [-Wunused-variable]
  301 |         uint16_t quarter = M/4;
      |                  ^~~~~~~
../Core/Src/main.c:294:36: warning: unused variable 'rightOutInt' [-Wunused-variable]
  294 |         static int16_t leftOutInt, rightOutInt;
      |                                    ^~~~~~~~~~~
../Core/Src/main.c:293:22: warning: unused variable 'leftOut' [-Wunused-variable]
  293 |         static float leftOut, rightOut;
      |                      ^~~~~~~
../Core/Src/main.c: In function 'main':
../Core/Src/main.c:650:17: warning: unused variable 'buf' [-Wunused-variable]
  650 |         uint8_t buf[12];
      |                 ^~~
make: *** [Core/Src/subdir.mk:34: Core/Src/main.o] Error 1
"make -j12 all" terminated with exit code 2. Build might be incomplete.
22:54:02 **** Incremental Build of configuration Debug for project Waveform1 ****
make -j12 all 
arm-none-eabi-gcc "../Core/Src/main.c" -mcpu=cortex-m4 -std=gnu11 -g3 -DDEBUG -DUSE_HAL_DRIVER -DSTM32F407xx -c -I../USB_DEVICE/App -I../USB_DEVICE/Target -I../Core/Inc -I../Drivers/STM32F4xx_HAL_Driver/Inc -I../Drivers/STM32F4xx_HAL_Driver/Inc/Legacy -I../Middlewares/ST/STM32_USB_Device_Library/Core/Inc -I../Middlewares/ST/STM32_USB_Device_Library/Class/CDC/Inc -I../Drivers/CMSIS/Device/ST/STM32F4xx/Include -I../Drivers/CMSIS/Include -O0 -ffunction-sections -fdata-sections -Wall -fstack-usage -fcyclomatic-complexity -MMD -MP -MF"Core/Src/main.d" -MT"Core/Src/main.o" --specs=nano.specs -mfpu=fpv4-sp-d16 -mfloat-abi=hard -mthumb -o "Core/Src/main.o"
../Core/Src/main.c: In function 'processData':
../Core/Src/main.c:301:18: warning: unused variable 'quarter' [-Wunused-variable]
  301 |         uint16_t quarter = M/4;
      |                  ^~~~~~~
../Core/Src/main.c:294:36: warning: unused variable 'rightOutInt' [-Wunused-variable]
  294 |         static int16_t leftOutInt, rightOutInt;
      |                                    ^~~~~~~~~~~
../Core/Src/main.c:293:22: warning: unused variable 'leftOut' [-Wunused-variable]
  293 |         static float leftOut, rightOut;
      |                      ^~~~~~~
../Core/Src/main.c: In function 'main':
../Core/Src/main.c:650:17: warning: unused variable 'buf' [-Wunused-variable]
  650 |         uint8_t buf[12];
      |                 ^~~
arm-none-eabi-gcc -o "Waveform1.elf" @"objects.list"   -mcpu=cortex-m4 -T"C:\Qynth\Waveform1\STM32F407VGTX_FLASH.ld" --specs=nosys.specs -Wl,-Map="Waveform1.map" -Wl,--gc-sections -static -u_printf_float --specs=nano.specs -mfpu=fpv4-sp-d16 -mfloat-abi=hard -mthumb -Wl,--start-group -lc -lm -Wl,--end-group
Finished building target: Waveform1.elf
 
arm-none-eabi-size  Waveform1.elf 
arm-none-eabi-objdump -h -S Waveform1.elf  > "Waveform1.list"
   text	   data	    bss	    dec	    hex	filename
  70440	    760	 109792	 180992	  2c300	Waveform1.elf
Finished building: default.size.stdout
 
Finished building: Waveform1.list
 
22:54:24 **** Incremental Build of configuration Debug for project Waveform1 ****
make -j12 all 
arm-none-eabi-gcc "../Core/Src/main.c" -mcpu=cortex-m4 -std=gnu11 -g3 -DDEBUG -DUSE_HAL_DRIVER -DSTM32F407xx -c -I../USB_DEVICE/App -I../USB_DEVICE/Target -I../Core/Inc -I../Drivers/STM32F4xx_HAL_Driver/Inc -I../Drivers/STM32F4xx_HAL_Driver/Inc/Legacy -I../Middlewares/ST/STM32_USB_Device_Library/Core/Inc -I../Middlewares/ST/STM32_USB_Device_Library/Class/CDC/Inc -I../Drivers/CMSIS/Device/ST/STM32F4xx/Include -I../Drivers/CMSIS/Include -O0 -ffunction-sections -fdata-sections -Wall -fstack-usage -fcyclomatic-complexity -MMD -MP -MF"Core/Src/main.d" -MT"Core/Src/main.o" --specs=nano.specs -mfpu=fpv4-sp-d16 -mfloat-abi=hard -mthumb -o "Core/Src/main.o"
../Core/Src/main.c: In function 'processData':
../Core/Src/main.c:301:18: warning: unused variable 'quarter' [-Wunused-variable]
  301 |         uint16_t quarter = M/4;
      |                  ^~~~~~~
../Core/Src/main.c:294:36: warning: unused variable 'rightOutInt' [-Wunused-variable]
  294 |         static int16_t leftOutInt, rightOutInt;
      |                                    ^~~~~~~~~~~
../Core/Src/main.c:293:31: warning: variable 'rightOut' set but not used [-Wunused-but-set-variable]
  293 |         static float leftOut, rightOut;
      |                               ^~~~~~~~
../Core/Src/main.c:293:22: warning: unused variable 'leftOut' [-Wunused-variable]
  293 |         static float leftOut, rightOut;
      |                      ^~~~~~~
../Core/Src/main.c: In function 'main':
../Core/Src/main.c:650:17: warning: unused variable 'buf' [-Wunused-variable]
  650 |         uint8_t buf[12];
      |                 ^~~
arm-none-eabi-gcc -o "Waveform1.elf" @"objects.list"   -mcpu=cortex-m4 -T"C:\Qynth\Waveform1\STM32F407VGTX_FLASH.ld" --specs=nosys.specs -Wl,-Map="Waveform1.map" -Wl,--gc-sections -static -u_printf_float --specs=nano.specs -mfpu=fpv4-sp-d16 -mfloat-abi=hard -mthumb -Wl,--start-group -lc -lm -Wl,--end-group
Finished building target: Waveform1.elf
 
arm-none-eabi-size  Waveform1.elf 
arm-none-eabi-objdump -h -S Waveform1.elf  > "Waveform1.list"
   text	   data	    bss	    dec	    hex	filename
  70400	    760	 109792	 180952	  2c2d8	Waveform1.elf
Finished building: default.size.stdout
 
Finished building: Waveform1.list
 
22:54:48 **** Incremental Build of configuration Debug for project Waveform1 ****
make -j12 all 
arm-none-eabi-gcc -mcpu=cortex-m4 -g3 -DDEBUG -c -x assembler-with-cpp -MMD -MP -MF"Core/Startup/startup_stm32f407vgtx.d" -MT"Core/Startup/startup_stm32f407vgtx.o" --specs=nano.specs -mfpu=fpv4-sp-d16 -mfloat-abi=hard -mthumb -o "Core/Startup/startup_stm32f407vgtx.o" "../Core/Startup/startup_stm32f407vgtx.s"
arm-none-eabi-gcc "../Core/Src/main.c" -mcpu=cortex-m4 -std=gnu11 -g3 -DDEBUG -DUSE_HAL_DRIVER -DSTM32F407xx -c -I../USB_DEVICE/App -I../USB_DEVICE/Target -I../Core/Inc -I../Drivers/STM32F4xx_HAL_Driver/Inc -I../Drivers/STM32F4xx_HAL_Driver/Inc/Legacy -I../Middlewares/ST/STM32_USB_Device_Library/Core/Inc -I../Middlewares/ST/STM32_USB_Device_Library/Class/CDC/Inc -I../Drivers/CMSIS/Device/ST/STM32F4xx/Include -I../Drivers/CMSIS/Include -O0 -ffunction-sections -fdata-sections -Wall -fstack-usage -fcyclomatic-complexity -MMD -MP -MF"Core/Src/main.d" -MT"Core/Src/main.o" --specs=nano.specs -mfpu=fpv4-sp-d16 -mfloat-abi=hard -mthumb -o "Core/Src/main.o"
../Core/Src/main.c: In function 'processData':
../Core/Src/main.c:301:18: warning: unused variable 'quarter' [-Wunused-variable]
  301 |         uint16_t quarter = M/4;
      |                  ^~~~~~~
../Core/Src/main.c:294:36: warning: unused variable 'rightOutInt' [-Wunused-variable]
  294 |         static int16_t leftOutInt, rightOutInt;
      |                                    ^~~~~~~~~~~
../Core/Src/main.c:293:22: warning: unused variable 'leftOut' [-Wunused-variable]
  293 |         static float leftOut, rightOut;
      |                      ^~~~~~~
../Core/Src/main.c: In function 'main':
../Core/Src/main.c:650:17: warning: unused variable 'buf' [-Wunused-variable]
  650 |         uint8_t buf[12];
      |                 ^~~
arm-none-eabi-gcc -o "Waveform1.elf" @"objects.list"   -mcpu=cortex-m4 -T"C:\Qynth\Waveform1\STM32F407VGTX_FLASH.ld" --specs=nosys.specs -Wl,-Map="Waveform1.map" -Wl,--gc-sections -static -u_printf_float --specs=nano.specs -mfpu=fpv4-sp-d16 -mfloat-abi=hard -mthumb -Wl,--start-group -lc -lm -Wl,--end-group
Finished building target: Waveform1.elf
 
arm-none-eabi-size  Waveform1.elf 
arm-none-eabi-objdump -h -S Waveform1.elf  > "Waveform1.list"
   text	   data	    bss	    dec	    hex	filename
  70448	    760	 109792	 181000	  2c308	Waveform1.elf
Finished building: default.size.stdout
 
Finished building: Waveform1.list
 
20:15:01 **** Build of configuration Debug for project Waveform1 ****
make -j12 all 
arm-none-eabi-gcc "../Core/Src/main.c" -mcpu=cortex-m4 -std=gnu11 -g3 -DDEBUG -DUSE_HAL_DRIVER -DSTM32F407xx -c -I../USB_DEVICE/App -I../USB_DEVICE/Target -I../Core/Inc -I../Drivers/STM32F4xx_HAL_Driver/Inc -I../Drivers/STM32F4xx_HAL_Driver/Inc/Legacy -I../Middlewares/ST/STM32_USB_Device_Library/Core/Inc -I../Middlewares/ST/STM32_USB_Device_Library/Class/CDC/Inc -I../Drivers/CMSIS/Device/ST/STM32F4xx/Include -I../Drivers/CMSIS/Include -O0 -ffunction-sections -fdata-sections -Wall -fstack-usage -fcyclomatic-complexity -MMD -MP -MF"Core/Src/main.d" -MT"Core/Src/main.o" --specs=nano.specs -mfpu=fpv4-sp-d16 -mfloat-abi=hard -mthumb -o "Core/Src/main.o"
../Core/Src/main.c: In function 'processData':
../Core/Src/main.c:301:18: warning: unused variable 'quarter' [-Wunused-variable]
  301 |         uint16_t quarter = M/4;
      |                  ^~~~~~~
../Core/Src/main.c:294:36: warning: unused variable 'rightOutInt' [-Wunused-variable]
  294 |         static int16_t leftOutInt, rightOutInt;
      |                                    ^~~~~~~~~~~
../Core/Src/main.c:293:22: warning: unused variable 'leftOut' [-Wunused-variable]
  293 |         static float leftOut, rightOut;
      |                      ^~~~~~~
../Core/Src/main.c: In function 'main':
../Core/Src/main.c:650:17: warning: unused variable 'buf' [-Wunused-variable]
  650 |         uint8_t buf[12];
      |                 ^~~
arm-none-eabi-gcc -o "Waveform1.elf" @"objects.list"   -mcpu=cortex-m4 -T"C:\Qynth\Waveform1\STM32F407VGTX_FLASH.ld" --specs=nosys.specs -Wl,-Map="Waveform1.map" -Wl,--gc-sections -static -u_printf_float --specs=nano.specs -mfpu=fpv4-sp-d16 -mfloat-abi=hard -mthumb -Wl,--start-group -lc -lm -Wl,--end-group
Finished building target: Waveform1.elf
 
arm-none-eabi-size  Waveform1.elf 
arm-none-eabi-objdump -h -S Waveform1.elf  > "Waveform1.list"
   text	   data	    bss	    dec	    hex	filename
  70920	    760	 109792	 181472	  2c4e0	Waveform1.elf
Finished building: default.size.stdout
 
Finished building: Waveform1.list
 
20:19:00 **** Incremental Build of configuration Debug for project Waveform1 ****
make -j12 all 
arm-none-eabi-gcc "../Core/Src/main.c" -mcpu=cortex-m4 -std=gnu11 -g3 -DDEBUG -DUSE_HAL_DRIVER -DSTM32F407xx -c -I../USB_DEVICE/App -I../USB_DEVICE/Target -I../Core/Inc -I../Drivers/STM32F4xx_HAL_Driver/Inc -I../Drivers/STM32F4xx_HAL_Driver/Inc/Legacy -I../Middlewares/ST/STM32_USB_Device_Library/Core/Inc -I../Middlewares/ST/STM32_USB_Device_Library/Class/CDC/Inc -I../Drivers/CMSIS/Device/ST/STM32F4xx/Include -I../Drivers/CMSIS/Include -O0 -ffunction-sections -fdata-sections -Wall -fstack-usage -fcyclomatic-complexity -MMD -MP -MF"Core/Src/main.d" -MT"Core/Src/main.o" --specs=nano.specs -mfpu=fpv4-sp-d16 -mfloat-abi=hard -mthumb -o "Core/Src/main.o"
../Core/Src/main.c: In function 'processData':
../Core/Src/main.c:301:18: warning: unused variable 'quarter' [-Wunused-variable]
  301 |         uint16_t quarter = M/4;
      |                  ^~~~~~~
../Core/Src/main.c:294:36: warning: unused variable 'rightOutInt' [-Wunused-variable]
  294 |         static int16_t leftOutInt, rightOutInt;
      |                                    ^~~~~~~~~~~
../Core/Src/main.c:293:22: warning: unused variable 'leftOut' [-Wunused-variable]
  293 |         static float leftOut, rightOut;
      |                      ^~~~~~~
../Core/Src/main.c: In function 'main':
../Core/Src/main.c:650:17: warning: unused variable 'buf' [-Wunused-variable]
  650 |         uint8_t buf[12];
      |                 ^~~
arm-none-eabi-gcc -o "Waveform1.elf" @"objects.list"   -mcpu=cortex-m4 -T"C:\Qynth\Waveform1\STM32F407VGTX_FLASH.ld" --specs=nosys.specs -Wl,-Map="Waveform1.map" -Wl,--gc-sections -static -u_printf_float --specs=nano.specs -mfpu=fpv4-sp-d16 -mfloat-abi=hard -mthumb -Wl,--start-group -lc -lm -Wl,--end-group
Finished building target: Waveform1.elf
 
arm-none-eabi-size  Waveform1.elf 
arm-none-eabi-objdump -h -S Waveform1.elf  > "Waveform1.list"
   text	   data	    bss	    dec	    hex	filename
  70888	    760	 109792	 181440	  2c4c0	Waveform1.elf
Finished building: default.size.stdout
 
Finished building: Waveform1.list
 
20:19:42 **** Incremental Build of configuration Debug for project Waveform1 ****
make -j12 all 
arm-none-eabi-gcc "../Core/Src/main.c" -mcpu=cortex-m4 -std=gnu11 -g3 -DDEBUG -DUSE_HAL_DRIVER -DSTM32F407xx -c -I../USB_DEVICE/App -I../USB_DEVICE/Target -I../Core/Inc -I../Drivers/STM32F4xx_HAL_Driver/Inc -I../Drivers/STM32F4xx_HAL_Driver/Inc/Legacy -I../Middlewares/ST/STM32_USB_Device_Library/Core/Inc -I../Middlewares/ST/STM32_USB_Device_Library/Class/CDC/Inc -I../Drivers/CMSIS/Device/ST/STM32F4xx/Include -I../Drivers/CMSIS/Include -O0 -ffunction-sections -fdata-sections -Wall -fstack-usage -fcyclomatic-complexity -MMD -MP -MF"Core/Src/main.d" -MT"Core/Src/main.o" --specs=nano.specs -mfpu=fpv4-sp-d16 -mfloat-abi=hard -mthumb -o "Core/Src/main.o"
../Core/Src/main.c: In function 'processData':
../Core/Src/main.c:301:18: warning: unused variable 'quarter' [-Wunused-variable]
  301 |         uint16_t quarter = M/4;
      |                  ^~~~~~~
../Core/Src/main.c:294:36: warning: unused variable 'rightOutInt' [-Wunused-variable]
  294 |         static int16_t leftOutInt, rightOutInt;
      |                                    ^~~~~~~~~~~
../Core/Src/main.c:293:22: warning: unused variable 'leftOut' [-Wunused-variable]
  293 |         static float leftOut, rightOut;
      |                      ^~~~~~~
../Core/Src/main.c: In function 'main':
../Core/Src/main.c:650:17: warning: unused variable 'buf' [-Wunused-variable]
  650 |         uint8_t buf[12];
      |                 ^~~
arm-none-eabi-gcc -o "Waveform1.elf" @"objects.list"   -mcpu=cortex-m4 -T"C:\Qynth\Waveform1\STM32F407VGTX_FLASH.ld" --specs=nosys.specs -Wl,-Map="Waveform1.map" -Wl,--gc-sections -static -u_printf_float --specs=nano.specs -mfpu=fpv4-sp-d16 -mfloat-abi=hard -mthumb -Wl,--start-group -lc -lm -Wl,--end-group
Finished building target: Waveform1.elf
 
arm-none-eabi-size  Waveform1.elf 
arm-none-eabi-objdump -h -S Waveform1.elf  > "Waveform1.list"
   text	   data	    bss	    dec	    hex	filename
  70888	    760	 109792	 181440	  2c4c0	Waveform1.elf
Finished building: default.size.stdout
 
Finished building: Waveform1.list
 
20:20:44 **** Incremental Build of configuration Debug for project Waveform1 ****
make -j12 all 
arm-none-eabi-gcc "../Core/Src/main.c" -mcpu=cortex-m4 -std=gnu11 -g3 -DDEBUG -DUSE_HAL_DRIVER -DSTM32F407xx -c -I../USB_DEVICE/App -I../USB_DEVICE/Target -I../Core/Inc -I../Drivers/STM32F4xx_HAL_Driver/Inc -I../Drivers/STM32F4xx_HAL_Driver/Inc/Legacy -I../Middlewares/ST/STM32_USB_Device_Library/Core/Inc -I../Middlewares/ST/STM32_USB_Device_Library/Class/CDC/Inc -I../Drivers/CMSIS/Device/ST/STM32F4xx/Include -I../Drivers/CMSIS/Include -O0 -ffunction-sections -fdata-sections -Wall -fstack-usage -fcyclomatic-complexity -MMD -MP -MF"Core/Src/main.d" -MT"Core/Src/main.o" --specs=nano.specs -mfpu=fpv4-sp-d16 -mfloat-abi=hard -mthumb -o "Core/Src/main.o"
../Core/Src/main.c: In function 'processData':
../Core/Src/main.c:301:18: warning: unused variable 'quarter' [-Wunused-variable]
  301 |         uint16_t quarter = M/4;
      |                  ^~~~~~~
../Core/Src/main.c:294:36: warning: unused variable 'rightOutInt' [-Wunused-variable]
  294 |         static int16_t leftOutInt, rightOutInt;
      |                                    ^~~~~~~~~~~
../Core/Src/main.c:293:22: warning: unused variable 'leftOut' [-Wunused-variable]
  293 |         static float leftOut, rightOut;
      |                      ^~~~~~~
../Core/Src/main.c: In function 'main':
../Core/Src/main.c:650:17: warning: unused variable 'buf' [-Wunused-variable]
  650 |         uint8_t buf[12];
      |                 ^~~
arm-none-eabi-gcc -o "Waveform1.elf" @"objects.list"   -mcpu=cortex-m4 -T"C:\Qynth\Waveform1\STM32F407VGTX_FLASH.ld" --specs=nosys.specs -Wl,-Map="Waveform1.map" -Wl,--gc-sections -static -u_printf_float --specs=nano.specs -mfpu=fpv4-sp-d16 -mfloat-abi=hard -mthumb -Wl,--start-group -lc -lm -Wl,--end-group
Finished building target: Waveform1.elf
 
arm-none-eabi-size  Waveform1.elf 
arm-none-eabi-objdump -h -S Waveform1.elf  > "Waveform1.list"
   text	   data	    bss	    dec	    hex	filename
  70944	    760	 109792	 181496	  2c4f8	Waveform1.elf
Finished building: default.size.stdout
 
Finished building: Waveform1.list
 
20:21:07 **** Incremental Build of configuration Debug for project Waveform1 ****
make -j12 all 
arm-none-eabi-gcc "../Core/Src/main.c" -mcpu=cortex-m4 -std=gnu11 -g3 -DDEBUG -DUSE_HAL_DRIVER -DSTM32F407xx -c -I../USB_DEVICE/App -I../USB_DEVICE/Target -I../Core/Inc -I../Drivers/STM32F4xx_HAL_Driver/Inc -I../Drivers/STM32F4xx_HAL_Driver/Inc/Legacy -I../Middlewares/ST/STM32_USB_Device_Library/Core/Inc -I../Middlewares/ST/STM32_USB_Device_Library/Class/CDC/Inc -I../Drivers/CMSIS/Device/ST/STM32F4xx/Include -I../Drivers/CMSIS/Include -O0 -ffunction-sections -fdata-sections -Wall -fstack-usage -fcyclomatic-complexity -MMD -MP -MF"Core/Src/main.d" -MT"Core/Src/main.o" --specs=nano.specs -mfpu=fpv4-sp-d16 -mfloat-abi=hard -mthumb -o "Core/Src/main.o"
../Core/Src/main.c: In function 'processData':
../Core/Src/main.c:301:18: warning: unused variable 'quarter' [-Wunused-variable]
  301 |         uint16_t quarter = M/4;
      |                  ^~~~~~~
../Core/Src/main.c:294:36: warning: unused variable 'rightOutInt' [-Wunused-variable]
  294 |         static int16_t leftOutInt, rightOutInt;
      |                                    ^~~~~~~~~~~
../Core/Src/main.c:293:22: warning: unused variable 'leftOut' [-Wunused-variable]
  293 |         static float leftOut, rightOut;
      |                      ^~~~~~~
../Core/Src/main.c: In function 'main':
../Core/Src/main.c:650:17: warning: unused variable 'buf' [-Wunused-variable]
  650 |         uint8_t buf[12];
      |                 ^~~
arm-none-eabi-gcc -o "Waveform1.elf" @"objects.list"   -mcpu=cortex-m4 -T"C:\Qynth\Waveform1\STM32F407VGTX_FLASH.ld" --specs=nosys.specs -Wl,-Map="Waveform1.map" -Wl,--gc-sections -static -u_printf_float --specs=nano.specs -mfpu=fpv4-sp-d16 -mfloat-abi=hard -mthumb -Wl,--start-group -lc -lm -Wl,--end-group
Finished building target: Waveform1.elf
 
arm-none-eabi-size  Waveform1.elf 
arm-none-eabi-objdump -h -S Waveform1.elf  > "Waveform1.list"
   text	   data	    bss	    dec	    hex	filename
  70944	    760	 109792	 181496	  2c4f8	Waveform1.elf
Finished building: default.size.stdout
 
Finished building: Waveform1.list
 
20:21:43 **** Incremental Build of configuration Debug for project Waveform1 ****
make -j12 all 
arm-none-eabi-gcc "../Core/Src/main.c" -mcpu=cortex-m4 -std=gnu11 -g3 -DDEBUG -DUSE_HAL_DRIVER -DSTM32F407xx -c -I../USB_DEVICE/App -I../USB_DEVICE/Target -I../Core/Inc -I../Drivers/STM32F4xx_HAL_Driver/Inc -I../Drivers/STM32F4xx_HAL_Driver/Inc/Legacy -I../Middlewares/ST/STM32_USB_Device_Library/Core/Inc -I../Middlewares/ST/STM32_USB_Device_Library/Class/CDC/Inc -I../Drivers/CMSIS/Device/ST/STM32F4xx/Include -I../Drivers/CMSIS/Include -O0 -ffunction-sections -fdata-sections -Wall -fstack-usage -fcyclomatic-complexity -MMD -MP -MF"Core/Src/main.d" -MT"Core/Src/main.o" --specs=nano.specs -mfpu=fpv4-sp-d16 -mfloat-abi=hard -mthumb -o "Core/Src/main.o"
../Core/Src/main.c: In function 'processData':
../Core/Src/main.c:301:18: warning: unused variable 'quarter' [-Wunused-variable]
  301 |         uint16_t quarter = M/4;
      |                  ^~~~~~~
../Core/Src/main.c:294:36: warning: unused variable 'rightOutInt' [-Wunused-variable]
  294 |         static int16_t leftOutInt, rightOutInt;
      |                                    ^~~~~~~~~~~
../Core/Src/main.c:293:22: warning: unused variable 'leftOut' [-Wunused-variable]
  293 |         static float leftOut, rightOut;
      |                      ^~~~~~~
../Core/Src/main.c: In function 'main':
../Core/Src/main.c:650:17: warning: unused variable 'buf' [-Wunused-variable]
  650 |         uint8_t buf[12];
      |                 ^~~
arm-none-eabi-gcc -o "Waveform1.elf" @"objects.list"   -mcpu=cortex-m4 -T"C:\Qynth\Waveform1\STM32F407VGTX_FLASH.ld" --specs=nosys.specs -Wl,-Map="Waveform1.map" -Wl,--gc-sections -static -u_printf_float --specs=nano.specs -mfpu=fpv4-sp-d16 -mfloat-abi=hard -mthumb -Wl,--start-group -lc -lm -Wl,--end-group
Finished building target: Waveform1.elf
 
arm-none-eabi-size  Waveform1.elf 
arm-none-eabi-objdump -h -S Waveform1.elf  > "Waveform1.list"
   text	   data	    bss	    dec	    hex	filename
  71016	    760	 109792	 181568	  2c540	Waveform1.elf
Finished building: default.size.stdout
 
Finished building: Waveform1.list
 
20:22:02 **** Incremental Build of configuration Debug for project Waveform1 ****
make -j12 all 
arm-none-eabi-gcc "../Core/Src/main.c" -mcpu=cortex-m4 -std=gnu11 -g3 -DDEBUG -DUSE_HAL_DRIVER -DSTM32F407xx -c -I../USB_DEVICE/App -I../USB_DEVICE/Target -I../Core/Inc -I../Drivers/STM32F4xx_HAL_Driver/Inc -I../Drivers/STM32F4xx_HAL_Driver/Inc/Legacy -I../Middlewares/ST/STM32_USB_Device_Library/Core/Inc -I../Middlewares/ST/STM32_USB_Device_Library/Class/CDC/Inc -I../Drivers/CMSIS/Device/ST/STM32F4xx/Include -I../Drivers/CMSIS/Include -O0 -ffunction-sections -fdata-sections -Wall -fstack-usage -fcyclomatic-complexity -MMD -MP -MF"Core/Src/main.d" -MT"Core/Src/main.o" --specs=nano.specs -mfpu=fpv4-sp-d16 -mfloat-abi=hard -mthumb -o "Core/Src/main.o"
../Core/Src/main.c: In function 'processData':
../Core/Src/main.c:301:18: warning: unused variable 'quarter' [-Wunused-variable]
  301 |         uint16_t quarter = M/4;
      |                  ^~~~~~~
../Core/Src/main.c:294:36: warning: unused variable 'rightOutInt' [-Wunused-variable]
  294 |         static int16_t leftOutInt, rightOutInt;
      |                                    ^~~~~~~~~~~
../Core/Src/main.c:293:22: warning: unused variable 'leftOut' [-Wunused-variable]
  293 |         static float leftOut, rightOut;
      |                      ^~~~~~~
../Core/Src/main.c: In function 'main':
../Core/Src/main.c:650:17: warning: unused variable 'buf' [-Wunused-variable]
  650 |         uint8_t buf[12];
      |                 ^~~
arm-none-eabi-gcc -o "Waveform1.elf" @"objects.list"   -mcpu=cortex-m4 -T"C:\Qynth\Waveform1\STM32F407VGTX_FLASH.ld" --specs=nosys.specs -Wl,-Map="Waveform1.map" -Wl,--gc-sections -static -u_printf_float --specs=nano.specs -mfpu=fpv4-sp-d16 -mfloat-abi=hard -mthumb -Wl,--start-group -lc -lm -Wl,--end-group
Finished building target: Waveform1.elf
 
arm-none-eabi-size  Waveform1.elf 
arm-none-eabi-objdump -h -S Waveform1.elf  > "Waveform1.list"
   text	   data	    bss	    dec	    hex	filename
  71008	    760	 109792	 181560	  2c538	Waveform1.elf
Finished building: default.size.stdout
 
Finished building: Waveform1.list
 
20:22:25 **** Incremental Build of configuration Debug for project Waveform1 ****
make -j12 all 
arm-none-eabi-gcc "../Core/Src/main.c" -mcpu=cortex-m4 -std=gnu11 -g3 -DDEBUG -DUSE_HAL_DRIVER -DSTM32F407xx -c -I../USB_DEVICE/App -I../USB_DEVICE/Target -I../Core/Inc -I../Drivers/STM32F4xx_HAL_Driver/Inc -I../Drivers/STM32F4xx_HAL_Driver/Inc/Legacy -I../Middlewares/ST/STM32_USB_Device_Library/Core/Inc -I../Middlewares/ST/STM32_USB_Device_Library/Class/CDC/Inc -I../Drivers/CMSIS/Device/ST/STM32F4xx/Include -I../Drivers/CMSIS/Include -O0 -ffunction-sections -fdata-sections -Wall -fstack-usage -fcyclomatic-complexity -MMD -MP -MF"Core/Src/main.d" -MT"Core/Src/main.o" --specs=nano.specs -mfpu=fpv4-sp-d16 -mfloat-abi=hard -mthumb -o "Core/Src/main.o"
../Core/Src/main.c: In function 'processData':
../Core/Src/main.c:301:18: warning: unused variable 'quarter' [-Wunused-variable]
  301 |         uint16_t quarter = M/4;
      |                  ^~~~~~~
../Core/Src/main.c:294:36: warning: unused variable 'rightOutInt' [-Wunused-variable]
  294 |         static int16_t leftOutInt, rightOutInt;
      |                                    ^~~~~~~~~~~
../Core/Src/main.c:293:22: warning: unused variable 'leftOut' [-Wunused-variable]
  293 |         static float leftOut, rightOut;
      |                      ^~~~~~~
../Core/Src/main.c: In function 'main':
../Core/Src/main.c:650:17: warning: unused variable 'buf' [-Wunused-variable]
  650 |         uint8_t buf[12];
      |                 ^~~
arm-none-eabi-gcc -o "Waveform1.elf" @"objects.list"   -mcpu=cortex-m4 -T"C:\Qynth\Waveform1\STM32F407VGTX_FLASH.ld" --specs=nosys.specs -Wl,-Map="Waveform1.map" -Wl,--gc-sections -static -u_printf_float --specs=nano.specs -mfpu=fpv4-sp-d16 -mfloat-abi=hard -mthumb -Wl,--start-group -lc -lm -Wl,--end-group
Finished building target: Waveform1.elf
 
arm-none-eabi-size  Waveform1.elf 
arm-none-eabi-objdump -h -S Waveform1.elf  > "Waveform1.list"
   text	   data	    bss	    dec	    hex	filename
  70984	    760	 109792	 181536	  2c520	Waveform1.elf
Finished building: default.size.stdout
 
Finished building: Waveform1.list
 
20:24:51 **** Incremental Build of configuration Debug for project Waveform1 ****
make -j12 all 
arm-none-eabi-gcc "../Core/Src/main.c" -mcpu=cortex-m4 -std=gnu11 -g3 -DDEBUG -DUSE_HAL_DRIVER -DSTM32F407xx -c -I../USB_DEVICE/App -I../USB_DEVICE/Target -I../Core/Inc -I../Drivers/STM32F4xx_HAL_Driver/Inc -I../Drivers/STM32F4xx_HAL_Driver/Inc/Legacy -I../Middlewares/ST/STM32_USB_Device_Library/Core/Inc -I../Middlewares/ST/STM32_USB_Device_Library/Class/CDC/Inc -I../Drivers/CMSIS/Device/ST/STM32F4xx/Include -I../Drivers/CMSIS/Include -O0 -ffunction-sections -fdata-sections -Wall -fstack-usage -fcyclomatic-complexity -MMD -MP -MF"Core/Src/main.d" -MT"Core/Src/main.o" --specs=nano.specs -mfpu=fpv4-sp-d16 -mfloat-abi=hard -mthumb -o "Core/Src/main.o"
../Core/Src/main.c: In function 'processData':
../Core/Src/main.c:301:18: warning: unused variable 'quarter' [-Wunused-variable]
  301 |         uint16_t quarter = M/4;
      |                  ^~~~~~~
../Core/Src/main.c:294:36: warning: unused variable 'rightOutInt' [-Wunused-variable]
  294 |         static int16_t leftOutInt, rightOutInt;
      |                                    ^~~~~~~~~~~
../Core/Src/main.c:293:22: warning: unused variable 'leftOut' [-Wunused-variable]
  293 |         static float leftOut, rightOut;
      |                      ^~~~~~~
../Core/Src/main.c: In function 'main':
../Core/Src/main.c:650:17: warning: unused variable 'buf' [-Wunused-variable]
  650 |         uint8_t buf[12];
      |                 ^~~
arm-none-eabi-gcc -o "Waveform1.elf" @"objects.list"   -mcpu=cortex-m4 -T"C:\Qynth\Waveform1\STM32F407VGTX_FLASH.ld" --specs=nosys.specs -Wl,-Map="Waveform1.map" -Wl,--gc-sections -static -u_printf_float --specs=nano.specs -mfpu=fpv4-sp-d16 -mfloat-abi=hard -mthumb -Wl,--start-group -lc -lm -Wl,--end-group
Finished building target: Waveform1.elf
 
arm-none-eabi-size  Waveform1.elf 
arm-none-eabi-objdump -h -S Waveform1.elf  > "Waveform1.list"
   text	   data	    bss	    dec	    hex	filename
  70736	    760	 109792	 181288	  2c428	Waveform1.elf
Finished building: default.size.stdout
 
Finished building: Waveform1.list
 
20:50:00 **** Incremental Build of configuration Debug for project Waveform1 ****
make -j12 all 
arm-none-eabi-gcc "../Core/Src/main.c" -mcpu=cortex-m4 -std=gnu11 -g3 -DDEBUG -DUSE_HAL_DRIVER -DSTM32F407xx -c -I../USB_DEVICE/App -I../USB_DEVICE/Target -I../Core/Inc -I../Drivers/STM32F4xx_HAL_Driver/Inc -I../Drivers/STM32F4xx_HAL_Driver/Inc/Legacy -I../Middlewares/ST/STM32_USB_Device_Library/Core/Inc -I../Middlewares/ST/STM32_USB_Device_Library/Class/CDC/Inc -I../Drivers/CMSIS/Device/ST/STM32F4xx/Include -I../Drivers/CMSIS/Include -O0 -ffunction-sections -fdata-sections -Wall -fstack-usage -fcyclomatic-complexity -MMD -MP -MF"Core/Src/main.d" -MT"Core/Src/main.o" --specs=nano.specs -mfpu=fpv4-sp-d16 -mfloat-abi=hard -mthumb -o "Core/Src/main.o"
../Core/Src/main.c: In function 'processData':
../Core/Src/main.c:278:18: warning: unused variable 'quarter' [-Wunused-variable]
  278 |         uint16_t quarter = M/4;
      |                  ^~~~~~~
../Core/Src/main.c:271:36: warning: unused variable 'rightOutInt' [-Wunused-variable]
  271 |         static int16_t leftOutInt, rightOutInt;
      |                                    ^~~~~~~~~~~
../Core/Src/main.c:270:22: warning: unused variable 'leftOut' [-Wunused-variable]
  270 |         static float leftOut, rightOut;
      |                      ^~~~~~~
../Core/Src/main.c: In function 'main':
../Core/Src/main.c:627:17: warning: unused variable 'buf' [-Wunused-variable]
  627 |         uint8_t buf[12];
      |                 ^~~
arm-none-eabi-gcc -o "Waveform1.elf" @"objects.list"   -mcpu=cortex-m4 -T"C:\Qynth\Waveform1\STM32F407VGTX_FLASH.ld" --specs=nosys.specs -Wl,-Map="Waveform1.map" -Wl,--gc-sections -static -u_printf_float --specs=nano.specs -mfpu=fpv4-sp-d16 -mfloat-abi=hard -mthumb -Wl,--start-group -lc -lm -Wl,--end-group
Finished building target: Waveform1.elf
 
arm-none-eabi-size  Waveform1.elf 
arm-none-eabi-objdump -h -S Waveform1.elf  > "Waveform1.list"
   text	   data	    bss	    dec	    hex	filename
  69756	    760	   9688	  80204	  1394c	Waveform1.elf
Finished building: default.size.stdout
 
Finished building: Waveform1.list
 
20:52:15 **** Incremental Build of configuration Debug for project Waveform1 ****
make -j12 all 
arm-none-eabi-gcc "../Core/Src/main.c" -mcpu=cortex-m4 -std=gnu11 -g3 -DDEBUG -DUSE_HAL_DRIVER -DSTM32F407xx -c -I../USB_DEVICE/App -I../USB_DEVICE/Target -I../Core/Inc -I../Drivers/STM32F4xx_HAL_Driver/Inc -I../Drivers/STM32F4xx_HAL_Driver/Inc/Legacy -I../Middlewares/ST/STM32_USB_Device_Library/Core/Inc -I../Middlewares/ST/STM32_USB_Device_Library/Class/CDC/Inc -I../Drivers/CMSIS/Device/ST/STM32F4xx/Include -I../Drivers/CMSIS/Include -O0 -ffunction-sections -fdata-sections -Wall -fstack-usage -fcyclomatic-complexity -MMD -MP -MF"Core/Src/main.d" -MT"Core/Src/main.o" --specs=nano.specs -mfpu=fpv4-sp-d16 -mfloat-abi=hard -mthumb -o "Core/Src/main.o"
../Core/Src/main.c: In function 'processData':
../Core/Src/main.c:278:18: warning: unused variable 'quarter' [-Wunused-variable]
  278 |         uint16_t quarter = M/4;
      |                  ^~~~~~~
../Core/Src/main.c:271:36: warning: unused variable 'rightOutInt' [-Wunused-variable]
  271 |         static int16_t leftOutInt, rightOutInt;
      |                                    ^~~~~~~~~~~
../Core/Src/main.c:270:22: warning: unused variable 'leftOut' [-Wunused-variable]
  270 |         static float leftOut, rightOut;
      |                      ^~~~~~~
../Core/Src/main.c: In function 'main':
../Core/Src/main.c:627:17: warning: unused variable 'buf' [-Wunused-variable]
  627 |         uint8_t buf[12];
      |                 ^~~
arm-none-eabi-gcc -o "Waveform1.elf" @"objects.list"   -mcpu=cortex-m4 -T"C:\Qynth\Waveform1\STM32F407VGTX_FLASH.ld" --specs=nosys.specs -Wl,-Map="Waveform1.map" -Wl,--gc-sections -static -u_printf_float --specs=nano.specs -mfpu=fpv4-sp-d16 -mfloat-abi=hard -mthumb -Wl,--start-group -lc -lm -Wl,--end-group
Finished building target: Waveform1.elf
 
arm-none-eabi-size  Waveform1.elf 
arm-none-eabi-objdump -h -S Waveform1.elf  > "Waveform1.list"
   text	   data	    bss	    dec	    hex	filename
  69756	    752	   9696	  80204	  1394c	Waveform1.elf
Finished building: default.size.stdout
 
Finished building: Waveform1.list
 
21:06:36 **** Incremental Build of configuration Debug for project Waveform1 ****
make -j12 all 
arm-none-eabi-gcc "../Core/Src/main.c" -mcpu=cortex-m4 -std=gnu11 -g3 -DDEBUG -DUSE_HAL_DRIVER -DSTM32F407xx -c -I../USB_DEVICE/App -I../USB_DEVICE/Target -I../Core/Inc -I../Drivers/STM32F4xx_HAL_Driver/Inc -I../Drivers/STM32F4xx_HAL_Driver/Inc/Legacy -I../Middlewares/ST/STM32_USB_Device_Library/Core/Inc -I../Middlewares/ST/STM32_USB_Device_Library/Class/CDC/Inc -I../Drivers/CMSIS/Device/ST/STM32F4xx/Include -I../Drivers/CMSIS/Include -O0 -ffunction-sections -fdata-sections -Wall -fstack-usage -fcyclomatic-complexity -MMD -MP -MF"Core/Src/main.d" -MT"Core/Src/main.o" --specs=nano.specs -mfpu=fpv4-sp-d16 -mfloat-abi=hard -mthumb -o "Core/Src/main.o"
../Core/Src/main.c: In function 'processData':
../Core/Src/main.c:278:18: warning: unused variable 'quarter' [-Wunused-variable]
  278 |         uint16_t quarter = M/4;
      |                  ^~~~~~~
../Core/Src/main.c:271:36: warning: unused variable 'rightOutInt' [-Wunused-variable]
  271 |         static int16_t leftOutInt, rightOutInt;
      |                                    ^~~~~~~~~~~
../Core/Src/main.c:270:22: warning: unused variable 'leftOut' [-Wunused-variable]
  270 |         static float leftOut, rightOut;
      |                      ^~~~~~~
../Core/Src/main.c: In function 'main':
../Core/Src/main.c:627:17: warning: unused variable 'buf' [-Wunused-variable]
  627 |         uint8_t buf[12];
      |                 ^~~
arm-none-eabi-gcc -o "Waveform1.elf" @"objects.list"   -mcpu=cortex-m4 -T"C:\Qynth\Waveform1\STM32F407VGTX_FLASH.ld" --specs=nosys.specs -Wl,-Map="Waveform1.map" -Wl,--gc-sections -static -u_printf_float --specs=nano.specs -mfpu=fpv4-sp-d16 -mfloat-abi=hard -mthumb -Wl,--start-group -lc -lm -Wl,--end-group
Finished building target: Waveform1.elf
 
arm-none-eabi-size  Waveform1.elf 
arm-none-eabi-objdump -h -S Waveform1.elf  > "Waveform1.list"
   text	   data	    bss	    dec	    hex	filename
  69860	    752	   9696	  80308	  139b4	Waveform1.elf
Finished building: default.size.stdout
 
Finished building: Waveform1.list
 
21:07:01 **** Incremental Build of configuration Debug for project Waveform1 ****
make -j12 all 
arm-none-eabi-gcc "../Core/Src/main.c" -mcpu=cortex-m4 -std=gnu11 -g3 -DDEBUG -DUSE_HAL_DRIVER -DSTM32F407xx -c -I../USB_DEVICE/App -I../USB_DEVICE/Target -I../Core/Inc -I../Drivers/STM32F4xx_HAL_Driver/Inc -I../Drivers/STM32F4xx_HAL_Driver/Inc/Legacy -I../Middlewares/ST/STM32_USB_Device_Library/Core/Inc -I../Middlewares/ST/STM32_USB_Device_Library/Class/CDC/Inc -I../Drivers/CMSIS/Device/ST/STM32F4xx/Include -I../Drivers/CMSIS/Include -O0 -ffunction-sections -fdata-sections -Wall -fstack-usage -fcyclomatic-complexity -MMD -MP -MF"Core/Src/main.d" -MT"Core/Src/main.o" --specs=nano.specs -mfpu=fpv4-sp-d16 -mfloat-abi=hard -mthumb -o "Core/Src/main.o"
../Core/Src/main.c: In function 'processData':
../Core/Src/main.c:278:18: warning: unused variable 'quarter' [-Wunused-variable]
  278 |         uint16_t quarter = M/4;
      |                  ^~~~~~~
../Core/Src/main.c:271:36: warning: unused variable 'rightOutInt' [-Wunused-variable]
  271 |         static int16_t leftOutInt, rightOutInt;
      |                                    ^~~~~~~~~~~
../Core/Src/main.c:270:22: warning: unused variable 'leftOut' [-Wunused-variable]
  270 |         static float leftOut, rightOut;
      |                      ^~~~~~~
../Core/Src/main.c: In function 'main':
../Core/Src/main.c:627:17: warning: unused variable 'buf' [-Wunused-variable]
  627 |         uint8_t buf[12];
      |                 ^~~
arm-none-eabi-gcc -o "Waveform1.elf" @"objects.list"   -mcpu=cortex-m4 -T"C:\Qynth\Waveform1\STM32F407VGTX_FLASH.ld" --specs=nosys.specs -Wl,-Map="Waveform1.map" -Wl,--gc-sections -static -u_printf_float --specs=nano.specs -mfpu=fpv4-sp-d16 -mfloat-abi=hard -mthumb -Wl,--start-group -lc -lm -Wl,--end-group
Finished building target: Waveform1.elf
 
arm-none-eabi-size  Waveform1.elf 
arm-none-eabi-objdump -h -S Waveform1.elf  > "Waveform1.list"
   text	   data	    bss	    dec	    hex	filename
  69860	    752	   9696	  80308	  139b4	Waveform1.elf
Finished building: default.size.stdout
 
Finished building: Waveform1.list
 
21:07:23 **** Incremental Build of configuration Debug for project Waveform1 ****
make -j12 all 
arm-none-eabi-gcc "../Core/Src/main.c" -mcpu=cortex-m4 -std=gnu11 -g3 -DDEBUG -DUSE_HAL_DRIVER -DSTM32F407xx -c -I../USB_DEVICE/App -I../USB_DEVICE/Target -I../Core/Inc -I../Drivers/STM32F4xx_HAL_Driver/Inc -I../Drivers/STM32F4xx_HAL_Driver/Inc/Legacy -I../Middlewares/ST/STM32_USB_Device_Library/Core/Inc -I../Middlewares/ST/STM32_USB_Device_Library/Class/CDC/Inc -I../Drivers/CMSIS/Device/ST/STM32F4xx/Include -I../Drivers/CMSIS/Include -O0 -ffunction-sections -fdata-sections -Wall -fstack-usage -fcyclomatic-complexity -MMD -MP -MF"Core/Src/main.d" -MT"Core/Src/main.o" --specs=nano.specs -mfpu=fpv4-sp-d16 -mfloat-abi=hard -mthumb -o "Core/Src/main.o"
../Core/Src/main.c: In function 'processData':
../Core/Src/main.c:278:18: warning: unused variable 'quarter' [-Wunused-variable]
  278 |         uint16_t quarter = M/4;
      |                  ^~~~~~~
../Core/Src/main.c:271:36: warning: unused variable 'rightOutInt' [-Wunused-variable]
  271 |         static int16_t leftOutInt, rightOutInt;
      |                                    ^~~~~~~~~~~
../Core/Src/main.c:270:22: warning: unused variable 'leftOut' [-Wunused-variable]
  270 |         static float leftOut, rightOut;
      |                      ^~~~~~~
../Core/Src/main.c: In function 'main':
../Core/Src/main.c:627:17: warning: unused variable 'buf' [-Wunused-variable]
  627 |         uint8_t buf[12];
      |                 ^~~
arm-none-eabi-gcc -o "Waveform1.elf" @"objects.list"   -mcpu=cortex-m4 -T"C:\Qynth\Waveform1\STM32F407VGTX_FLASH.ld" --specs=nosys.specs -Wl,-Map="Waveform1.map" -Wl,--gc-sections -static -u_printf_float --specs=nano.specs -mfpu=fpv4-sp-d16 -mfloat-abi=hard -mthumb -Wl,--start-group -lc -lm -Wl,--end-group
Finished building target: Waveform1.elf
 
arm-none-eabi-size  Waveform1.elf 
arm-none-eabi-objdump -h -S Waveform1.elf  > "Waveform1.list"
   text	   data	    bss	    dec	    hex	filename
  69860	    752	   9696	  80308	  139b4	Waveform1.elf
Finished building: default.size.stdout
 
Finished building: Waveform1.list
 
21:07:40 **** Incremental Build of configuration Debug for project Waveform1 ****
make -j12 all 
arm-none-eabi-gcc "../Core/Src/main.c" -mcpu=cortex-m4 -std=gnu11 -g3 -DDEBUG -DUSE_HAL_DRIVER -DSTM32F407xx -c -I../USB_DEVICE/App -I../USB_DEVICE/Target -I../Core/Inc -I../Drivers/STM32F4xx_HAL_Driver/Inc -I../Drivers/STM32F4xx_HAL_Driver/Inc/Legacy -I../Middlewares/ST/STM32_USB_Device_Library/Core/Inc -I../Middlewares/ST/STM32_USB_Device_Library/Class/CDC/Inc -I../Drivers/CMSIS/Device/ST/STM32F4xx/Include -I../Drivers/CMSIS/Include -O0 -ffunction-sections -fdata-sections -Wall -fstack-usage -fcyclomatic-complexity -MMD -MP -MF"Core/Src/main.d" -MT"Core/Src/main.o" --specs=nano.specs -mfpu=fpv4-sp-d16 -mfloat-abi=hard -mthumb -o "Core/Src/main.o"
../Core/Src/main.c: In function 'processData':
../Core/Src/main.c:278:18: warning: unused variable 'quarter' [-Wunused-variable]
  278 |         uint16_t quarter = M/4;
      |                  ^~~~~~~
../Core/Src/main.c:271:36: warning: unused variable 'rightOutInt' [-Wunused-variable]
  271 |         static int16_t leftOutInt, rightOutInt;
      |                                    ^~~~~~~~~~~
../Core/Src/main.c:270:22: warning: unused variable 'leftOut' [-Wunused-variable]
  270 |         static float leftOut, rightOut;
      |                      ^~~~~~~
../Core/Src/main.c: In function 'main':
../Core/Src/main.c:627:17: warning: unused variable 'buf' [-Wunused-variable]
  627 |         uint8_t buf[12];
      |                 ^~~
arm-none-eabi-gcc -o "Waveform1.elf" @"objects.list"   -mcpu=cortex-m4 -T"C:\Qynth\Waveform1\STM32F407VGTX_FLASH.ld" --specs=nosys.specs -Wl,-Map="Waveform1.map" -Wl,--gc-sections -static -u_printf_float --specs=nano.specs -mfpu=fpv4-sp-d16 -mfloat-abi=hard -mthumb -Wl,--start-group -lc -lm -Wl,--end-group
Finished building target: Waveform1.elf
 
arm-none-eabi-size  Waveform1.elf 
arm-none-eabi-objdump -h -S Waveform1.elf  > "Waveform1.list"
   text	   data	    bss	    dec	    hex	filename
  69860	    752	   9696	  80308	  139b4	Waveform1.elf
Finished building: default.size.stdout
 
Finished building: Waveform1.list
 
21:10:03 **** Incremental Build of configuration Debug for project Waveform1 ****
make -j12 all 
arm-none-eabi-gcc "../Core/Src/main.c" -mcpu=cortex-m4 -std=gnu11 -g3 -DDEBUG -DUSE_HAL_DRIVER -DSTM32F407xx -c -I../USB_DEVICE/App -I../USB_DEVICE/Target -I../Core/Inc -I../Drivers/STM32F4xx_HAL_Driver/Inc -I../Drivers/STM32F4xx_HAL_Driver/Inc/Legacy -I../Middlewares/ST/STM32_USB_Device_Library/Core/Inc -I../Middlewares/ST/STM32_USB_Device_Library/Class/CDC/Inc -I../Drivers/CMSIS/Device/ST/STM32F4xx/Include -I../Drivers/CMSIS/Include -O0 -ffunction-sections -fdata-sections -Wall -fstack-usage -fcyclomatic-complexity -MMD -MP -MF"Core/Src/main.d" -MT"Core/Src/main.o" --specs=nano.specs -mfpu=fpv4-sp-d16 -mfloat-abi=hard -mthumb -o "Core/Src/main.o"
../Core/Src/main.c: In function 'processData':
../Core/Src/main.c:278:18: warning: unused variable 'quarter' [-Wunused-variable]
  278 |         uint16_t quarter = M/4;
      |                  ^~~~~~~
../Core/Src/main.c:271:36: warning: unused variable 'rightOutInt' [-Wunused-variable]
  271 |         static int16_t leftOutInt, rightOutInt;
      |                                    ^~~~~~~~~~~
../Core/Src/main.c:270:22: warning: unused variable 'leftOut' [-Wunused-variable]
  270 |         static float leftOut, rightOut;
      |                      ^~~~~~~
../Core/Src/main.c: In function 'main':
../Core/Src/main.c:627:17: warning: unused variable 'buf' [-Wunused-variable]
  627 |         uint8_t buf[12];
      |                 ^~~
arm-none-eabi-gcc -o "Waveform1.elf" @"objects.list"   -mcpu=cortex-m4 -T"C:\Qynth\Waveform1\STM32F407VGTX_FLASH.ld" --specs=nosys.specs -Wl,-Map="Waveform1.map" -Wl,--gc-sections -static -u_printf_float --specs=nano.specs -mfpu=fpv4-sp-d16 -mfloat-abi=hard -mthumb -Wl,--start-group -lc -lm -Wl,--end-group
Finished building target: Waveform1.elf
 
arm-none-eabi-size  Waveform1.elf 
arm-none-eabi-objdump -h -S Waveform1.elf  > "Waveform1.list"
   text	   data	    bss	    dec	    hex	filename
  69860	    756	   9696	  80312	  139b8	Waveform1.elf
Finished building: default.size.stdout
 
Finished building: Waveform1.list
 
21:10:31 **** Incremental Build of configuration Debug for project Waveform1 ****
make -j12 all 
arm-none-eabi-gcc "../Core/Src/main.c" -mcpu=cortex-m4 -std=gnu11 -g3 -DDEBUG -DUSE_HAL_DRIVER -DSTM32F407xx -c -I../USB_DEVICE/App -I../USB_DEVICE/Target -I../Core/Inc -I../Drivers/STM32F4xx_HAL_Driver/Inc -I../Drivers/STM32F4xx_HAL_Driver/Inc/Legacy -I../Middlewares/ST/STM32_USB_Device_Library/Core/Inc -I../Middlewares/ST/STM32_USB_Device_Library/Class/CDC/Inc -I../Drivers/CMSIS/Device/ST/STM32F4xx/Include -I../Drivers/CMSIS/Include -O0 -ffunction-sections -fdata-sections -Wall -fstack-usage -fcyclomatic-complexity -MMD -MP -MF"Core/Src/main.d" -MT"Core/Src/main.o" --specs=nano.specs -mfpu=fpv4-sp-d16 -mfloat-abi=hard -mthumb -o "Core/Src/main.o"
../Core/Src/main.c: In function 'processData':
../Core/Src/main.c:278:18: warning: unused variable 'quarter' [-Wunused-variable]
  278 |         uint16_t quarter = M/4;
      |                  ^~~~~~~
../Core/Src/main.c:271:36: warning: unused variable 'rightOutInt' [-Wunused-variable]
  271 |         static int16_t leftOutInt, rightOutInt;
      |                                    ^~~~~~~~~~~
../Core/Src/main.c:270:22: warning: unused variable 'leftOut' [-Wunused-variable]
  270 |         static float leftOut, rightOut;
      |                      ^~~~~~~
../Core/Src/main.c: In function 'main':
../Core/Src/main.c:627:17: warning: unused variable 'buf' [-Wunused-variable]
  627 |         uint8_t buf[12];
      |                 ^~~
arm-none-eabi-gcc -o "Waveform1.elf" @"objects.list"   -mcpu=cortex-m4 -T"C:\Qynth\Waveform1\STM32F407VGTX_FLASH.ld" --specs=nosys.specs -Wl,-Map="Waveform1.map" -Wl,--gc-sections -static -u_printf_float --specs=nano.specs -mfpu=fpv4-sp-d16 -mfloat-abi=hard -mthumb -Wl,--start-group -lc -lm -Wl,--end-group
Finished building target: Waveform1.elf
 
arm-none-eabi-size  Waveform1.elf 
arm-none-eabi-objdump -h -S Waveform1.elf  > "Waveform1.list"
   text	   data	    bss	    dec	    hex	filename
  69860	    756	   9696	  80312	  139b8	Waveform1.elf
Finished building: default.size.stdout
 
Finished building: Waveform1.list
 
21:13:51 **** Incremental Build of configuration Debug for project Waveform1 ****
make -j12 all 
arm-none-eabi-gcc "../Core/Src/main.c" -mcpu=cortex-m4 -std=gnu11 -g3 -DDEBUG -DUSE_HAL_DRIVER -DSTM32F407xx -c -I../USB_DEVICE/App -I../USB_DEVICE/Target -I../Core/Inc -I../Drivers/STM32F4xx_HAL_Driver/Inc -I../Drivers/STM32F4xx_HAL_Driver/Inc/Legacy -I../Middlewares/ST/STM32_USB_Device_Library/Core/Inc -I../Middlewares/ST/STM32_USB_Device_Library/Class/CDC/Inc -I../Drivers/CMSIS/Device/ST/STM32F4xx/Include -I../Drivers/CMSIS/Include -O0 -ffunction-sections -fdata-sections -Wall -fstack-usage -fcyclomatic-complexity -MMD -MP -MF"Core/Src/main.d" -MT"Core/Src/main.o" --specs=nano.specs -mfpu=fpv4-sp-d16 -mfloat-abi=hard -mthumb -o "Core/Src/main.o"
../Core/Src/main.c: In function 'processData':
../Core/Src/main.c:278:18: warning: unused variable 'quarter' [-Wunused-variable]
  278 |         uint16_t quarter = M/4;
      |                  ^~~~~~~
../Core/Src/main.c:271:36: warning: unused variable 'rightOutInt' [-Wunused-variable]
  271 |         static int16_t leftOutInt, rightOutInt;
      |                                    ^~~~~~~~~~~
../Core/Src/main.c:270:22: warning: unused variable 'leftOut' [-Wunused-variable]
  270 |         static float leftOut, rightOut;
      |                      ^~~~~~~
../Core/Src/main.c: In function 'main':
../Core/Src/main.c:627:17: warning: unused variable 'buf' [-Wunused-variable]
  627 |         uint8_t buf[12];
      |                 ^~~
arm-none-eabi-gcc -o "Waveform1.elf" @"objects.list"   -mcpu=cortex-m4 -T"C:\Qynth\Waveform1\STM32F407VGTX_FLASH.ld" --specs=nosys.specs -Wl,-Map="Waveform1.map" -Wl,--gc-sections -static -u_printf_float --specs=nano.specs -mfpu=fpv4-sp-d16 -mfloat-abi=hard -mthumb -Wl,--start-group -lc -lm -Wl,--end-group
Finished building target: Waveform1.elf
 
arm-none-eabi-size  Waveform1.elf 
arm-none-eabi-objdump -h -S Waveform1.elf  > "Waveform1.list"
   text	   data	    bss	    dec	    hex	filename
  69860	    756	   9696	  80312	  139b8	Waveform1.elf
Finished building: default.size.stdout
 
Finished building: Waveform1.list
 
21:14:47 **** Incremental Build of configuration Debug for project Waveform1 ****
make -j12 all 
arm-none-eabi-gcc "../Core/Src/main.c" -mcpu=cortex-m4 -std=gnu11 -g3 -DDEBUG -DUSE_HAL_DRIVER -DSTM32F407xx -c -I../USB_DEVICE/App -I../USB_DEVICE/Target -I../Core/Inc -I../Drivers/STM32F4xx_HAL_Driver/Inc -I../Drivers/STM32F4xx_HAL_Driver/Inc/Legacy -I../Middlewares/ST/STM32_USB_Device_Library/Core/Inc -I../Middlewares/ST/STM32_USB_Device_Library/Class/CDC/Inc -I../Drivers/CMSIS/Device/ST/STM32F4xx/Include -I../Drivers/CMSIS/Include -O0 -ffunction-sections -fdata-sections -Wall -fstack-usage -fcyclomatic-complexity -MMD -MP -MF"Core/Src/main.d" -MT"Core/Src/main.o" --specs=nano.specs -mfpu=fpv4-sp-d16 -mfloat-abi=hard -mthumb -o "Core/Src/main.o"
../Core/Src/main.c: In function 'processData':
../Core/Src/main.c:278:18: warning: unused variable 'quarter' [-Wunused-variable]
  278 |         uint16_t quarter = M/4;
      |                  ^~~~~~~
../Core/Src/main.c:271:36: warning: unused variable 'rightOutInt' [-Wunused-variable]
  271 |         static int16_t leftOutInt, rightOutInt;
      |                                    ^~~~~~~~~~~
../Core/Src/main.c:270:22: warning: unused variable 'leftOut' [-Wunused-variable]
  270 |         static float leftOut, rightOut;
      |                      ^~~~~~~
../Core/Src/main.c: In function 'main':
../Core/Src/main.c:627:17: warning: unused variable 'buf' [-Wunused-variable]
  627 |         uint8_t buf[12];
      |                 ^~~
arm-none-eabi-gcc -o "Waveform1.elf" @"objects.list"   -mcpu=cortex-m4 -T"C:\Qynth\Waveform1\STM32F407VGTX_FLASH.ld" --specs=nosys.specs -Wl,-Map="Waveform1.map" -Wl,--gc-sections -static -u_printf_float --specs=nano.specs -mfpu=fpv4-sp-d16 -mfloat-abi=hard -mthumb -Wl,--start-group -lc -lm -Wl,--end-group
Finished building target: Waveform1.elf
 
arm-none-eabi-size  Waveform1.elf 
arm-none-eabi-objdump -h -S Waveform1.elf  > "Waveform1.list"
   text	   data	    bss	    dec	    hex	filename
  69860	    756	   9696	  80312	  139b8	Waveform1.elf
Finished building: default.size.stdout
 
Finished building: Waveform1.list
 
21:15:23 **** Incremental Build of configuration Debug for project Waveform1 ****
make -j12 all 
arm-none-eabi-gcc "../Core/Src/main.c" -mcpu=cortex-m4 -std=gnu11 -g3 -DDEBUG -DUSE_HAL_DRIVER -DSTM32F407xx -c -I../USB_DEVICE/App -I../USB_DEVICE/Target -I../Core/Inc -I../Drivers/STM32F4xx_HAL_Driver/Inc -I../Drivers/STM32F4xx_HAL_Driver/Inc/Legacy -I../Middlewares/ST/STM32_USB_Device_Library/Core/Inc -I../Middlewares/ST/STM32_USB_Device_Library/Class/CDC/Inc -I../Drivers/CMSIS/Device/ST/STM32F4xx/Include -I../Drivers/CMSIS/Include -O0 -ffunction-sections -fdata-sections -Wall -fstack-usage -fcyclomatic-complexity -MMD -MP -MF"Core/Src/main.d" -MT"Core/Src/main.o" --specs=nano.specs -mfpu=fpv4-sp-d16 -mfloat-abi=hard -mthumb -o "Core/Src/main.o"
../Core/Src/main.c: In function 'processData':
../Core/Src/main.c:278:18: warning: unused variable 'quarter' [-Wunused-variable]
  278 |         uint16_t quarter = M/4;
      |                  ^~~~~~~
../Core/Src/main.c:271:36: warning: unused variable 'rightOutInt' [-Wunused-variable]
  271 |         static int16_t leftOutInt, rightOutInt;
      |                                    ^~~~~~~~~~~
../Core/Src/main.c:270:22: warning: unused variable 'leftOut' [-Wunused-variable]
  270 |         static float leftOut, rightOut;
      |                      ^~~~~~~
../Core/Src/main.c: In function 'main':
../Core/Src/main.c:627:17: warning: unused variable 'buf' [-Wunused-variable]
  627 |         uint8_t buf[12];
      |                 ^~~
arm-none-eabi-gcc -o "Waveform1.elf" @"objects.list"   -mcpu=cortex-m4 -T"C:\Qynth\Waveform1\STM32F407VGTX_FLASH.ld" --specs=nosys.specs -Wl,-Map="Waveform1.map" -Wl,--gc-sections -static -u_printf_float --specs=nano.specs -mfpu=fpv4-sp-d16 -mfloat-abi=hard -mthumb -Wl,--start-group -lc -lm -Wl,--end-group
Finished building target: Waveform1.elf
 
arm-none-eabi-size  Waveform1.elf 
arm-none-eabi-objdump -h -S Waveform1.elf  > "Waveform1.list"
   text	   data	    bss	    dec	    hex	filename
  69860	    756	   9696	  80312	  139b8	Waveform1.elf
Finished building: default.size.stdout
 
Finished building: Waveform1.list
 
21:16:03 **** Incremental Build of configuration Debug for project Waveform1 ****
make -j12 all 
arm-none-eabi-gcc "../Core/Src/main.c" -mcpu=cortex-m4 -std=gnu11 -g3 -DDEBUG -DUSE_HAL_DRIVER -DSTM32F407xx -c -I../USB_DEVICE/App -I../USB_DEVICE/Target -I../Core/Inc -I../Drivers/STM32F4xx_HAL_Driver/Inc -I../Drivers/STM32F4xx_HAL_Driver/Inc/Legacy -I../Middlewares/ST/STM32_USB_Device_Library/Core/Inc -I../Middlewares/ST/STM32_USB_Device_Library/Class/CDC/Inc -I../Drivers/CMSIS/Device/ST/STM32F4xx/Include -I../Drivers/CMSIS/Include -O0 -ffunction-sections -fdata-sections -Wall -fstack-usage -fcyclomatic-complexity -MMD -MP -MF"Core/Src/main.d" -MT"Core/Src/main.o" --specs=nano.specs -mfpu=fpv4-sp-d16 -mfloat-abi=hard -mthumb -o "Core/Src/main.o"
../Core/Src/main.c: In function 'processData':
../Core/Src/main.c:278:18: warning: unused variable 'quarter' [-Wunused-variable]
  278 |         uint16_t quarter = M/4;
      |                  ^~~~~~~
../Core/Src/main.c:271:36: warning: unused variable 'rightOutInt' [-Wunused-variable]
  271 |         static int16_t leftOutInt, rightOutInt;
      |                                    ^~~~~~~~~~~
../Core/Src/main.c:270:22: warning: unused variable 'leftOut' [-Wunused-variable]
  270 |         static float leftOut, rightOut;
      |                      ^~~~~~~
../Core/Src/main.c: In function 'main':
../Core/Src/main.c:627:17: warning: unused variable 'buf' [-Wunused-variable]
  627 |         uint8_t buf[12];
      |                 ^~~
arm-none-eabi-gcc -o "Waveform1.elf" @"objects.list"   -mcpu=cortex-m4 -T"C:\Qynth\Waveform1\STM32F407VGTX_FLASH.ld" --specs=nosys.specs -Wl,-Map="Waveform1.map" -Wl,--gc-sections -static -u_printf_float --specs=nano.specs -mfpu=fpv4-sp-d16 -mfloat-abi=hard -mthumb -Wl,--start-group -lc -lm -Wl,--end-group
Finished building target: Waveform1.elf
 
arm-none-eabi-size  Waveform1.elf 
arm-none-eabi-objdump -h -S Waveform1.elf  > "Waveform1.list"
   text	   data	    bss	    dec	    hex	filename
  69860	    752	   9696	  80308	  139b4	Waveform1.elf
Finished building: default.size.stdout
 
Finished building: Waveform1.list
 
